#
# There is insufficient memory for the Java Runtime Environment to continue.
# Native memory allocation (mmap) failed to map 254803968 bytes for Failed to commit area from 0x00000000b4500000 to 0x00000000c3800000 of length 254803968.
# Possible reasons:
#   The system is out of physical RAM or swap space
#   The process is running with CompressedOops enabled, and the Java Heap may be blocking the growth of the native heap
# Possible solutions:
#   Reduce memory load on the system
#   Increase physical memory or swap space
#   Check if swap backing store is full
#   Decrease Java heap size (-Xmx/-Xms)
#   Decrease number of Java threads
#   Decrease Java thread stack sizes (-Xss)
#   Set larger code cache with -XX:ReservedCodeCacheSize=
#   JVM is running with Unscaled Compressed Oops mode in which the Java heap is
#     placed in the first 4GB address space. The Java Heap base address is the
#     maximum limit for the native heap growth. Please use -XX:HeapBaseMinAddress
#     to set the Java Heap base and to place the Java Heap above 4GB virtual address.
# This output file may be truncated or incomplete.
#
#  Out of Memory Error (./src/hotspot/os/windows/os_windows.cpp:3301), pid=9500, tid=9836
#
# JRE version: OpenJDK Runtime Environment (11.0.11+9) (build 11.0.11+9-b60-7590822)
# Java VM: OpenJDK 64-Bit Server VM (11.0.11+9-b60-7590822, mixed mode, tiered, compressed oops, g1 gc, windows-amd64)
# No core dump will be written. Minidumps are not enabled by default on client versions of Windows
#

---------------  S U M M A R Y ------------

Command Line: --add-opens=java.base/java.util=ALL-UNNAMED --add-opens=java.base/java.lang=ALL-UNNAMED --add-opens=java.base/java.lang.invoke=ALL-UNNAMED --add-opens=java.prefs/java.util.prefs=ALL-UNNAMED -Xmx1536M -Dfile.encoding=windows-1252 -Duser.country=US -Duser.language=en -Duser.variant org.gradle.launcher.daemon.bootstrap.GradleDaemon 6.7

Host: Intel(R) Core(TM) i5 CPU       M 430  @ 2.27GHz, 4 cores, 7G,  Windows 10 , 64 bit Build 19041 (10.0.19041.1645)
Time: Sat May 14 16:55:13 2022 Pacific Daylight Time elapsed time: 380.939762 seconds (0d 0h 6m 20s)

---------------  T H R E A D  ---------------

Current thread (0x000002f1c2cc2800):  VMThread "VM Thread" [stack: 0x000000fc9fb00000,0x000000fc9fc00000] [id=9836]

Stack: [0x000000fc9fb00000,0x000000fc9fc00000]
[error occurred during error reporting (printing stack bounds), id 0xc0000005, EXCEPTION_ACCESS_VIOLATION (0xc0000005) at pc=0x000002f1ad790f3d]

Native frames: (J=compiled Java code, j=interpreted, Vv=VM code, C=native code)
V  [jvm.dll+0x5f214a]
V  [jvm.dll+0x726fb5]
V  [jvm.dll+0x7285cd]
V  [jvm.dll+0x728be5]
V  [jvm.dll+0x728b9b]
V  [jvm.dll+0x5f14e8]
V  [jvm.dll+0x5f1c78]
C  [ntdll.dll+0xa20cf]
C  [ntdll.dll+0x51454]
C  [ntdll.dll+0xa0bfe]
C  0x000002f1ad790f3d

VM_Operation (0x000000fca36fe950): G1CollectForAllocation, mode: safepoint, requested by thread 0x000002f1cd032000


---------------  P R O C E S S  ---------------

Threads class SMR info:
_java_thread_list=0x000002f1cd700e80, length=62, elements={
0x000002f1a84ba000, 0x000002f1c2ce7000, 0x000002f1c2cf0800, 0x000002f1c2d05800,
0x000002f1c2d08000, 0x000002f1c2d0b800, 0x000002f1c2d13000, 0x000002f1c2d18000,
0x000002f1c2d22800, 0x000002f1c37d3800, 0x000002f1c4c10800, 0x000002f1c4d01800,
0x000002f1c442d000, 0x000002f1c38f5800, 0x000002f1c4c5f000, 0x000002f1c3786000,
0x000002f1c3787000, 0x000002f1c36ba800, 0x000002f1c4fe7800, 0x000002f1c43de000,
0x000002f1c43dd000, 0x000002f1c43de800, 0x000002f1c43dc000, 0x000002f1c5208800,
0x000002f1c5205800, 0x000002f1c5206800, 0x000002f1c520a800, 0x000002f1c5207000,
0x000002f1c5204800, 0x000002f1c520d000, 0x000002f1c520d800, 0x000002f1c5208000,
0x000002f1c5211000, 0x000002f1c5211800, 0x000002f1ca150000, 0x000002f1ca155800,
0x000002f1cd02d000, 0x000002f1cd02a800, 0x000002f1cd02a000, 0x000002f1cd02b800,
0x000002f1ca14c000, 0x000002f1ca14b000, 0x000002f1ca14c800, 0x000002f1ca14d800,
0x000002f1ca148000, 0x000002f1ca14e800, 0x000002f1ca148800, 0x000002f1ca14f000,
0x000002f1ca149800, 0x000002f1ca14a800, 0x000002f1ca152800, 0x000002f1ca154000,
0x000002f1ca151800, 0x000002f1ca155000, 0x000002f1cd02f000, 0x000002f1cd029000,
0x000002f1cd033800, 0x000002f1cd02e000, 0x000002f1cd02c800, 0x000002f1cd032000,
0x000002f1cd031000, 0x000002f1cd034800
}

Java Threads: ( => current thread )
  0x000002f1a84ba000 JavaThread "main" [_thread_blocked, id=7388, stack(0x000000fc9f500000,0x000000fc9f600000)]
  0x000002f1c2ce7000 JavaThread "Reference Handler" daemon [_thread_blocked, id=6260, stack(0x000000fc9fc00000,0x000000fc9fd00000)]
  0x000002f1c2cf0800 JavaThread "Finalizer" daemon [_thread_blocked, id=7448, stack(0x000000fc9fd00000,0x000000fc9fe00000)]
  0x000002f1c2d05800 JavaThread "Signal Dispatcher" daemon [_thread_blocked, id=3392, stack(0x000000fc9fe00000,0x000000fc9ff00000)]
  0x000002f1c2d08000 JavaThread "Attach Listener" daemon [_thread_blocked, id=8096, stack(0x000000fc9ff00000,0x000000fca0000000)]
  0x000002f1c2d0b800 JavaThread "Service Thread" daemon [_thread_blocked, id=7880, stack(0x000000fca0000000,0x000000fca0100000)]
  0x000002f1c2d13000 JavaThread "C2 CompilerThread0" daemon [_thread_in_native, id=1356, stack(0x000000fca0100000,0x000000fca0200000)]
  0x000002f1c2d18000 JavaThread "C1 CompilerThread0" daemon [_thread_blocked, id=6516, stack(0x000000fca0200000,0x000000fca0300000)]
  0x000002f1c2d22800 JavaThread "Sweeper thread" daemon [_thread_blocked, id=7956, stack(0x000000fca0300000,0x000000fca0400000)]
  0x000002f1c37d3800 JavaThread "Common-Cleaner" daemon [_thread_blocked, id=9568, stack(0x000000fca0400000,0x000000fca0500000)]
  0x000002f1c4c10800 JavaThread "Daemon health stats" [_thread_blocked, id=780, stack(0x000000fca0600000,0x000000fca0700000)]
  0x000002f1c4d01800 JavaThread "Incoming local TCP Connector on port 51075" [_thread_in_native, id=8732, stack(0x000000fca0b00000,0x000000fca0c00000)]
  0x000002f1c442d000 JavaThread "Daemon periodic checks" [_thread_blocked, id=7996, stack(0x000000fca0c00000,0x000000fca0d00000)]
  0x000002f1c38f5800 JavaThread "Daemon" [_thread_blocked, id=8368, stack(0x000000fca0d00000,0x000000fca0e00000)]
  0x000002f1c4c5f000 JavaThread "Handler for socket connection from /127.0.0.1:51075 to /127.0.0.1:51076" [_thread_in_native, id=9624, stack(0x000000fca0e00000,0x000000fca0f00000)]
  0x000002f1c3786000 JavaThread "Cancel handler" [_thread_blocked, id=7592, stack(0x000000fca0f00000,0x000000fca1000000)]
  0x000002f1c3787000 JavaThread "Daemon worker" [_thread_blocked, id=4896, stack(0x000000fca1000000,0x000000fca1100000)]
  0x000002f1c36ba800 JavaThread "Asynchronous log dispatcher for DefaultDaemonConnection: socket connection from /127.0.0.1:51075 to /127.0.0.1:51076" [_thread_blocked, id=6396, stack(0x000000fca1100000,0x000000fca1200000)]
  0x000002f1c4fe7800 JavaThread "Stdin handler" [_thread_blocked, id=7284, stack(0x000000fca1200000,0x000000fca1300000)]
  0x000002f1c43de000 JavaThread "Thread-8" [_thread_blocked, id=9400, stack(0x000000fca1300000,0x000000fca1400000)]
  0x000002f1c43dd000 JavaThread "Cache worker for file hash cache (C:\Users\TAZAR\.gradle\caches\6.7\fileHashes)" [_thread_blocked, id=2920, stack(0x000000fca1500000,0x000000fca1600000)]
  0x000002f1c43de800 JavaThread "File lock request listener" [_thread_in_native, id=10128, stack(0x000000fca1600000,0x000000fca1700000)]
  0x000002f1c43dc000 JavaThread "Cache worker for journal cache (C:\Users\TAZAR\.gradle\caches\journal-1)" [_thread_blocked, id=8100, stack(0x000000fca1700000,0x000000fca1800000)]
  0x000002f1c5208800 JavaThread "Cache worker for file hash cache (C:\Users\TAZAR\AndroidStudioProjects\projects\driver_app\android\.gradle\6.7\fileHashes)" [_thread_blocked, id=7532, stack(0x000000fca1800000,0x000000fca1900000)]
  0x000002f1c5205800 JavaThread "Cache worker for checksums cache (C:\Users\TAZAR\AndroidStudioProjects\projects\driver_app\android\.gradle\checksums)" [_thread_blocked, id=4888, stack(0x000000fca1900000,0x000000fca1a00000)]
  0x000002f1c5206800 JavaThread "Cache worker for cache directory md-supplier (C:\Users\TAZAR\.gradle\caches\6.7\md-supplier)" [_thread_blocked, id=3248, stack(0x000000fca1a00000,0x000000fca1b00000)]
  0x000002f1c520a800 JavaThread "Cache worker for cache directory md-rule (C:\Users\TAZAR\.gradle\caches\6.7\md-rule)" [_thread_blocked, id=8196, stack(0x000000fca1b00000,0x000000fca1c00000)]
  0x000002f1c5207000 JavaThread "Cache worker for execution history cache (C:\Users\TAZAR\.gradle\caches\6.7\executionHistory)" [_thread_blocked, id=9912, stack(0x000000fca1c00000,0x000000fca1d00000)]
  0x000002f1c5204800 JavaThread "Cache worker for file content cache (C:\Users\TAZAR\.gradle\caches\6.7\fileContent)" [_thread_blocked, id=8832, stack(0x000000fca1e00000,0x000000fca1f00000)]
  0x000002f1c520d000 JavaThread "Cache worker for Build Output Cleanup Cache (C:\Users\TAZAR\AndroidStudioProjects\projects\driver_app\android\.gradle\buildOutputCleanup)" [_thread_blocked, id=5472, stack(0x000000fca1f00000,0x000000fca2000000)]
  0x000002f1c520d800 JavaThread "Build operations" [_thread_blocked, id=8452, stack(0x000000fca2000000,0x000000fca2100000)]
  0x000002f1c5208000 JavaThread "Build operations Thread 2" [_thread_blocked, id=10232, stack(0x000000fca2100000,0x000000fca2200000)]
  0x000002f1c5211000 JavaThread "Build operations Thread 3" [_thread_blocked, id=10156, stack(0x000000fca2200000,0x000000fca2300000)]
  0x000002f1c5211800 JavaThread "Build operations Thread 4" [_thread_blocked, id=9180, stack(0x000000fca2300000,0x000000fca2400000)]
  0x000002f1ca150000 JavaThread "Memory manager" [_thread_blocked, id=904, stack(0x000000fca9700000,0x000000fca9800000)]
  0x000002f1ca155800 JavaThread "build event listener" [_thread_blocked, id=7780, stack(0x000000fca9800000,0x000000fca9900000)]
  0x000002f1cd02d000 JavaThread "Execution worker for ':'" [_thread_blocked, id=32, stack(0x000000fc9f400000,0x000000fc9f500000)]
  0x000002f1cd02a800 JavaThread "Execution worker for ':' Thread 2" [_thread_blocked, id=3520, stack(0x000000fca9900000,0x000000fca9a00000)]
  0x000002f1cd02a000 JavaThread "Execution worker for ':' Thread 3" [_thread_blocked, id=7832, stack(0x000000fca9a00000,0x000000fca9b00000)]
  0x000002f1cd02b800 JavaThread "Cache worker for execution history cache (C:\Users\TAZAR\AndroidStudioProjects\projects\driver_app\android\.gradle\6.7\executionHistory)" [_thread_blocked, id=1740, stack(0x000000fca9b00000,0x000000fca9c00000)]
  0x000002f1ca14c000 JavaThread "WorkerExecutor Queue" [_thread_blocked, id=9404, stack(0x000000fca0900000,0x000000fca0a00000)]
  0x000002f1ca14b000 JavaThread "WorkerExecutor Queue Thread 2" [_thread_blocked, id=8668, stack(0x000000fca0a00000,0x000000fca0b00000)]
  0x000002f1ca14c800 JavaThread "WorkerExecutor Queue Thread 3" [_thread_blocked, id=7176, stack(0x000000fca1d00000,0x000000fca1e00000)]
  0x000002f1ca14d800 JavaThread "WorkerExecutor Queue Thread 5" [_thread_blocked, id=9844, stack(0x000000fc9f300000,0x000000fc9f400000)]
  0x000002f1ca148000 JavaThread "pool-2-thread-1" [_thread_blocked, id=7784, stack(0x000000fca2500000,0x000000fca2600000)]
  0x000002f1ca14e800 JavaThread "stderr" [_thread_in_native, id=9940, stack(0x000000fca2600000,0x000000fca2700000)]
  0x000002f1ca148800 JavaThread "stdout" [_thread_in_native, id=9792, stack(0x000000fca2700000,0x000000fca2800000)]
  0x000002f1ca14f000 JavaThread "stderr" [_thread_in_native, id=4576, stack(0x000000fca2800000,0x000000fca2900000)]
  0x000002f1ca149800 JavaThread "stdout" [_thread_in_native, id=3912, stack(0x000000fca2900000,0x000000fca2a00000)]
  0x000002f1ca14a800 JavaThread "stderr" [_thread_in_native, id=7188, stack(0x000000fca2a00000,0x000000fca2b00000)]
  0x000002f1ca152800 JavaThread "stdout" [_thread_in_native, id=7216, stack(0x000000fca2b00000,0x000000fca2c00000)]
  0x000002f1ca154000 JavaThread "stderr" [_thread_in_native, id=8492, stack(0x000000fca2c00000,0x000000fca2d00000)]
  0x000002f1ca151800 JavaThread "stdout" [_thread_in_native, id=7684, stack(0x000000fca2d00000,0x000000fca2e00000)]
  0x000002f1ca155000 JavaThread "RMI Scheduler(0)" daemon [_thread_blocked, id=8600, stack(0x000000fca2e00000,0x000000fca2f00000)]
  0x000002f1cd02f000 JavaThread "RMI GC Daemon" daemon [_thread_blocked, id=5320, stack(0x000000fca3200000,0x000000fca3300000)]
  0x000002f1cd029000 JavaThread "RMI TCP Accept-0" daemon [_thread_in_native, id=9296, stack(0x000000fca3300000,0x000000fca3400000)]
  0x000002f1cd033800 JavaThread "RMI Reaper" [_thread_blocked, id=3252, stack(0x000000fca3400000,0x000000fca3500000)]
  0x000002f1cd02e000 JavaThread "Cache worker for Java compile cache (C:\Users\TAZAR\.gradle\caches\6.7\javaCompile)" [_thread_blocked, id=7980, stack(0x000000fca2400000,0x000000fca2500000)]
  0x000002f1cd02c800 JavaThread "Cache worker for Java compile cache (C:\Users\TAZAR\AndroidStudioProjects\projects\driver_app\android\.gradle\6.7\javaCompile)" [_thread_blocked, id=9396, stack(0x000000fca3100000,0x000000fca3200000)]
  0x000002f1cd032000 JavaThread "ForkJoinPool-5-worker-3" daemon [_thread_blocked, id=772, stack(0x000000fca3600000,0x000000fca3700000)]
  0x000002f1cd031000 JavaThread "ForkJoinPool-5-worker-1" daemon [_thread_blocked, id=7888, stack(0x000000fca3700000,0x000000fca3800000)]
  0x000002f1cd034800 JavaThread "C2 CompilerThread1" daemon [_thread_blocked, id=5144, stack(0x000000fca3500000,0x000000fca3600000)]

Other Threads:
=>0x000002f1c2cc2800 VMThread "VM Thread" [stack: 0x000000fc9fb00000,0x000000fc9fc00000] [id=9836]
  0x000002f1c37e0800 WatcherThread [stack: 0x000000fca0500000,0x000000fca0600000] [id=7736]
  0x000002f1a84d5000 GCTaskThread "GC Thread#0" [stack: 0x000000fc9f600000,0x000000fc9f700000] [id=5380]
  0x000002f1c40bf000 GCTaskThread "GC Thread#1" [stack: 0x000000fca0700000,0x000000fca0800000] [id=7484]
  0x000002f1c40b8000 GCTaskThread "GC Thread#2" [stack: 0x000000fca0800000,0x000000fca0900000] [id=4960]
  0x000002f1c4fe9000 GCTaskThread "GC Thread#3" [stack: 0x000000fca1400000,0x000000fca1500000] [id=3040]
  0x000002f1a84fb800 ConcurrentGCThread "G1 Main Marker" [stack: 0x000000fc9f700000,0x000000fc9f800000] [id=8692]
  0x000002f1a84fc800 ConcurrentGCThread "G1 Conc#0" [stack: 0x000000fc9f800000,0x000000fc9f900000] [id=6696]
  0x000002f1a8589000 ConcurrentGCThread "G1 Refine#0" [stack: 0x000000fc9f900000,0x000000fc9fa00000] [id=10048]
  0x000002f1a858a000 ConcurrentGCThread "G1 Young RemSet Sampling" [stack: 0x000000fc9fa00000,0x000000fc9fb00000] [id=8476]

Threads with active compile tasks:
C2 CompilerThread0 381459 19859       4       com.android.tools.r8.graph.p1::b (41 bytes)
C2 CompilerThread1 381459 19868       4       com.android.tools.r8.graph.p1::a (214 bytes)

VM state:at safepoint (normal execution)

VM Mutex/Monitor currently owned by a thread:  ([mutex/lock_event])
[0x000002f1a84b82a0] Threads_lock - owner thread: 0x000002f1c2cc2800
[0x000002f1a84b8de0] Heap_lock - owner thread: 0x000002f1cd032000

Heap address: 0x00000000a0000000, size: 1536 MB, Compressed Oops mode: 32-bit
Narrow klass base: 0x0000000000000000, Narrow klass shift: 3
Compressed class space size: 1073741824 Address: 0x0000000100000000

Heap:
 garbage-first heap   total 581632K, used 217088K [0x00000000a0000000, 0x0000000100000000)
  region size 1024K, 7 young (7168K), 7 survivors (7168K)
 Metaspace       used 168888K, capacity 172771K, committed 172928K, reserved 1200128K
  class space    used 21130K, capacity 22596K, committed 22656K, reserved 1048576K
Heap Regions: E=young(eden), S=young(survivor), O=old, HS=humongous(starts), HC=humongous(continues), CS=collection set, F=free, A=archive, TAMS=top-at-mark-start (previous, next)
|   0|0x00000000a0000000, 0x00000000a0100000, 0x00000000a0100000|100%| O|  |TAMS 0x00000000a0100000, 0x00000000a0000000| Untracked 
|   1|0x00000000a0100000, 0x00000000a0200000, 0x00000000a0200000|100%| O|  |TAMS 0x00000000a0200000, 0x00000000a0100000| Untracked 
|   2|0x00000000a0200000, 0x00000000a0300000, 0x00000000a0300000|100%| O|  |TAMS 0x00000000a0300000, 0x00000000a0200000| Untracked 
|   3|0x00000000a0300000, 0x00000000a0400000, 0x00000000a0400000|100%|HS|  |TAMS 0x00000000a0400000, 0x00000000a0300000| Complete 
|   4|0x00000000a0400000, 0x00000000a0500000, 0x00000000a0500000|100%|HC|  |TAMS 0x00000000a0500000, 0x00000000a0400000| Complete 
|   5|0x00000000a0500000, 0x00000000a0600000, 0x00000000a0600000|100%|HC|  |TAMS 0x00000000a0600000, 0x00000000a0500000| Complete 
|   6|0x00000000a0600000, 0x00000000a0700000, 0x00000000a0700000|100%| O|  |TAMS 0x00000000a0700000, 0x00000000a0600000| Untracked 
|   7|0x00000000a0700000, 0x00000000a0800000, 0x00000000a0800000|100%| O|  |TAMS 0x00000000a0800000, 0x00000000a0700000| Untracked 
|   8|0x00000000a0800000, 0x00000000a0900000, 0x00000000a0900000|100%| O|  |TAMS 0x00000000a0900000, 0x00000000a0800000| Untracked 
|   9|0x00000000a0900000, 0x00000000a0a00000, 0x00000000a0a00000|100%| O|  |TAMS 0x00000000a0a00000, 0x00000000a0900000| Untracked 
|  10|0x00000000a0a00000, 0x00000000a0b00000, 0x00000000a0b00000|100%| O|  |TAMS 0x00000000a0b00000, 0x00000000a0a00000| Complete 
|  11|0x00000000a0b00000, 0x00000000a0c00000, 0x00000000a0c00000|100%| O|  |TAMS 0x00000000a0c00000, 0x00000000a0b00000| Untracked 
|  12|0x00000000a0c00000, 0x00000000a0d00000, 0x00000000a0d00000|100%| O|  |TAMS 0x00000000a0d00000, 0x00000000a0c00000| Untracked 
|  13|0x00000000a0d00000, 0x00000000a0e00000, 0x00000000a0e00000|100%| O|  |TAMS 0x00000000a0e00000, 0x00000000a0d00000| Untracked 
|  14|0x00000000a0e00000, 0x00000000a0f00000, 0x00000000a0f00000|100%| O|  |TAMS 0x00000000a0f00000, 0x00000000a0e00000| Untracked 
|  15|0x00000000a0f00000, 0x00000000a1000000, 0x00000000a1000000|100%| O|  |TAMS 0x00000000a1000000, 0x00000000a0f00000| Untracked 
|  16|0x00000000a1000000, 0x00000000a1100000, 0x00000000a1100000|100%| O|  |TAMS 0x00000000a1100000, 0x00000000a1000000| Untracked 
|  17|0x00000000a1100000, 0x00000000a1200000, 0x00000000a1200000|100%| O|  |TAMS 0x00000000a1200000, 0x00000000a1100000| Complete 
|  18|0x00000000a1200000, 0x00000000a1300000, 0x00000000a1300000|100%|HS|  |TAMS 0x00000000a1300000, 0x00000000a1200000| Complete 
|  19|0x00000000a1300000, 0x00000000a1400000, 0x00000000a1400000|100%| O|  |TAMS 0x00000000a1400000, 0x00000000a1300000| Untracked 
|  20|0x00000000a1400000, 0x00000000a1500000, 0x00000000a1500000|100%| O|  |TAMS 0x00000000a1500000, 0x00000000a1400000| Untracked 
|  21|0x00000000a1500000, 0x00000000a1600000, 0x00000000a1600000|100%| O|  |TAMS 0x00000000a1600000, 0x00000000a1500000| Complete 
|  22|0x00000000a1600000, 0x00000000a1700000, 0x00000000a1700000|100%|HS|  |TAMS 0x00000000a1700000, 0x00000000a1600000| Complete 
|  23|0x00000000a1700000, 0x00000000a1800000, 0x00000000a1800000|100%|HS|  |TAMS 0x00000000a1800000, 0x00000000a1700000| Complete 
|  24|0x00000000a1800000, 0x00000000a1900000, 0x00000000a1900000|100%|HC|  |TAMS 0x00000000a1900000, 0x00000000a1800000| Complete 
|  25|0x00000000a1900000, 0x00000000a1a00000, 0x00000000a1a00000|100%|HC|  |TAMS 0x00000000a1a00000, 0x00000000a1900000| Complete 
|  26|0x00000000a1a00000, 0x00000000a1b00000, 0x00000000a1b00000|100%|HS|  |TAMS 0x00000000a1b00000, 0x00000000a1a00000| Complete 
|  27|0x00000000a1b00000, 0x00000000a1c00000, 0x00000000a1c00000|100%|HC|  |TAMS 0x00000000a1c00000, 0x00000000a1b00000| Complete 
|  28|0x00000000a1c00000, 0x00000000a1d00000, 0x00000000a1d00000|100%| O|  |TAMS 0x00000000a1d00000, 0x00000000a1c00000| Untracked 
|  29|0x00000000a1d00000, 0x00000000a1e00000, 0x00000000a1e00000|100%| O|  |TAMS 0x00000000a1e00000, 0x00000000a1d00000| Untracked 
|  30|0x00000000a1e00000, 0x00000000a1f00000, 0x00000000a1f00000|100%| O|  |TAMS 0x00000000a1f00000, 0x00000000a1e00000| Untracked 
|  31|0x00000000a1f00000, 0x00000000a2000000, 0x00000000a2000000|100%| O|  |TAMS 0x00000000a2000000, 0x00000000a1f00000| Untracked 
|  32|0x00000000a2000000, 0x00000000a2100000, 0x00000000a2100000|100%| O|  |TAMS 0x00000000a2100000, 0x00000000a2000000| Complete 
|  33|0x00000000a2100000, 0x00000000a2200000, 0x00000000a2200000|100%| O|  |TAMS 0x00000000a2200000, 0x00000000a2100000| Untracked 
|  34|0x00000000a2200000, 0x00000000a2300000, 0x00000000a2300000|100%| O|  |TAMS 0x00000000a2300000, 0x00000000a2200000| Untracked 
|  35|0x00000000a2300000, 0x00000000a2400000, 0x00000000a2400000|100%| O|  |TAMS 0x00000000a2400000, 0x00000000a2300000| Untracked 
|  36|0x00000000a2400000, 0x00000000a2500000, 0x00000000a2500000|100%| O|  |TAMS 0x00000000a2500000, 0x00000000a2400000| Untracked 
|  37|0x00000000a2500000, 0x00000000a2600000, 0x00000000a2600000|100%| O|  |TAMS 0x00000000a2600000, 0x00000000a2500000| Complete 
|  38|0x00000000a2600000, 0x00000000a2700000, 0x00000000a2700000|100%| O|  |TAMS 0x00000000a2700000, 0x00000000a2600000| Untracked 
|  39|0x00000000a2700000, 0x00000000a2800000, 0x00000000a2800000|100%| O|  |TAMS 0x00000000a2800000, 0x00000000a2700000| Untracked 
|  40|0x00000000a2800000, 0x00000000a2900000, 0x00000000a2900000|100%| O|  |TAMS 0x00000000a2900000, 0x00000000a2800000| Untracked 
|  41|0x00000000a2900000, 0x00000000a2a00000, 0x00000000a2a00000|100%| O|  |TAMS 0x00000000a2a00000, 0x00000000a2900000| Complete 
|  42|0x00000000a2a00000, 0x00000000a2b00000, 0x00000000a2b00000|100%| O|  |TAMS 0x00000000a2b00000, 0x00000000a2a00000| Complete 
|  43|0x00000000a2b00000, 0x00000000a2c00000, 0x00000000a2c00000|100%| O|  |TAMS 0x00000000a2c00000, 0x00000000a2b00000| Untracked 
|  44|0x00000000a2c00000, 0x00000000a2d00000, 0x00000000a2d00000|100%| O|  |TAMS 0x00000000a2d00000, 0x00000000a2c00000| Untracked 
|  45|0x00000000a2d00000, 0x00000000a2e00000, 0x00000000a2e00000|100%| O|  |TAMS 0x00000000a2e00000, 0x00000000a2d00000| Complete 
|  46|0x00000000a2e00000, 0x00000000a2f00000, 0x00000000a2f00000|100%| O|  |TAMS 0x00000000a2f00000, 0x00000000a2e00000| Untracked 
|  47|0x00000000a2f00000, 0x00000000a3000000, 0x00000000a3000000|100%| O|  |TAMS 0x00000000a3000000, 0x00000000a2f00000| Untracked 
|  48|0x00000000a3000000, 0x00000000a3100000, 0x00000000a3100000|100%| O|  |TAMS 0x00000000a3100000, 0x00000000a3000000| Untracked 
|  49|0x00000000a3100000, 0x00000000a3200000, 0x00000000a3200000|100%| O|  |TAMS 0x00000000a3200000, 0x00000000a3100000| Untracked 
|  50|0x00000000a3200000, 0x00000000a3300000, 0x00000000a3300000|100%| O|  |TAMS 0x00000000a3300000, 0x00000000a3200000| Untracked 
|  51|0x00000000a3300000, 0x00000000a3400000, 0x00000000a3400000|100%| O|  |TAMS 0x00000000a3400000, 0x00000000a3300000| Untracked 
|  52|0x00000000a3400000, 0x00000000a3500000, 0x00000000a3500000|100%| O|  |TAMS 0x00000000a3500000, 0x00000000a3400000| Untracked 
|  53|0x00000000a3500000, 0x00000000a3600000, 0x00000000a3600000|100%| O|  |TAMS 0x00000000a3600000, 0x00000000a3500000| Untracked 
|  54|0x00000000a3600000, 0x00000000a3700000, 0x00000000a3700000|100%| O|  |TAMS 0x00000000a3700000, 0x00000000a3600000| Untracked 
|  55|0x00000000a3700000, 0x00000000a3800000, 0x00000000a3800000|100%| O|  |TAMS 0x00000000a3800000, 0x00000000a3700000| Untracked 
|  56|0x00000000a3800000, 0x00000000a3900000, 0x00000000a3900000|100%| O|  |TAMS 0x00000000a3900000, 0x00000000a3800000| Complete 
|  57|0x00000000a3900000, 0x00000000a3a00000, 0x00000000a3a00000|100%| O|  |TAMS 0x00000000a3a00000, 0x00000000a3900000| Untracked 
|  58|0x00000000a3a00000, 0x00000000a3b00000, 0x00000000a3b00000|100%| O|  |TAMS 0x00000000a3b00000, 0x00000000a3a00000| Untracked 
|  59|0x00000000a3b00000, 0x00000000a3c00000, 0x00000000a3c00000|100%| O|  |TAMS 0x00000000a3c00000, 0x00000000a3b00000| Untracked 
|  60|0x00000000a3c00000, 0x00000000a3d00000, 0x00000000a3d00000|100%| O|  |TAMS 0x00000000a3d00000, 0x00000000a3c00000| Untracked 
|  61|0x00000000a3d00000, 0x00000000a3e00000, 0x00000000a3e00000|100%| O|  |TAMS 0x00000000a3e00000, 0x00000000a3d00000| Untracked 
|  62|0x00000000a3e00000, 0x00000000a3f00000, 0x00000000a3f00000|100%| O|  |TAMS 0x00000000a3f00000, 0x00000000a3e00000| Untracked 
|  63|0x00000000a3f00000, 0x00000000a4000000, 0x00000000a4000000|100%| O|  |TAMS 0x00000000a4000000, 0x00000000a3f00000| Untracked 
|  64|0x00000000a4000000, 0x00000000a4100000, 0x00000000a4100000|100%| O|  |TAMS 0x00000000a4100000, 0x00000000a4000000| Complete 
|  65|0x00000000a4100000, 0x00000000a4200000, 0x00000000a4200000|100%| O|  |TAMS 0x00000000a4200000, 0x00000000a4100000| Complete 
|  66|0x00000000a4200000, 0x00000000a4300000, 0x00000000a4300000|100%| O|  |TAMS 0x00000000a4300000, 0x00000000a4200000| Untracked 
|  67|0x00000000a4300000, 0x00000000a4400000, 0x00000000a4400000|100%| O|  |TAMS 0x00000000a4400000, 0x00000000a4300000| Untracked 
|  68|0x00000000a4400000, 0x00000000a4500000, 0x00000000a4500000|100%| O|  |TAMS 0x00000000a4500000, 0x00000000a4400000| Untracked 
|  69|0x00000000a4500000, 0x00000000a4600000, 0x00000000a4600000|100%| O|  |TAMS 0x00000000a4600000, 0x00000000a4500000| Complete 
|  70|0x00000000a4600000, 0x00000000a4700000, 0x00000000a4700000|100%| O|  |TAMS 0x00000000a4700000, 0x00000000a4600000| Complete 
|  71|0x00000000a4700000, 0x00000000a4800000, 0x00000000a4800000|100%| O|  |TAMS 0x00000000a4800000, 0x00000000a4700000| Untracked 
|  72|0x00000000a4800000, 0x00000000a4900000, 0x00000000a4900000|100%| O|  |TAMS 0x00000000a4900000, 0x00000000a4800000| Complete 
|  73|0x00000000a4900000, 0x00000000a4a00000, 0x00000000a4a00000|100%| O|  |TAMS 0x00000000a4a00000, 0x00000000a4900000| Untracked 
|  74|0x00000000a4a00000, 0x00000000a4b00000, 0x00000000a4b00000|100%| O|  |TAMS 0x00000000a4b00000, 0x00000000a4a00000| Complete 
|  75|0x00000000a4b00000, 0x00000000a4c00000, 0x00000000a4c00000|100%| O|  |TAMS 0x00000000a4c00000, 0x00000000a4b00000| Untracked 
|  76|0x00000000a4c00000, 0x00000000a4d00000, 0x00000000a4d00000|100%| O|  |TAMS 0x00000000a4d00000, 0x00000000a4c00000| Untracked 
|  77|0x00000000a4d00000, 0x00000000a4e00000, 0x00000000a4e00000|100%| O|  |TAMS 0x00000000a4e00000, 0x00000000a4d00000| Untracked 
|  78|0x00000000a4e00000, 0x00000000a4f00000, 0x00000000a4f00000|100%| O|  |TAMS 0x00000000a4f00000, 0x00000000a4e00000| Untracked 
|  79|0x00000000a4f00000, 0x00000000a5000000, 0x00000000a5000000|100%| O|  |TAMS 0x00000000a5000000, 0x00000000a4f00000| Complete 
|  80|0x00000000a5000000, 0x00000000a5100000, 0x00000000a5100000|100%| O|  |TAMS 0x00000000a5100000, 0x00000000a5000000| Untracked 
|  81|0x00000000a5100000, 0x00000000a5200000, 0x00000000a5200000|100%| O|  |TAMS 0x00000000a5200000, 0x00000000a5100000| Untracked 
|  82|0x00000000a5200000, 0x00000000a5300000, 0x00000000a5300000|100%|HS|  |TAMS 0x00000000a5300000, 0x00000000a5200000| Complete 
|  83|0x00000000a5300000, 0x00000000a5400000, 0x00000000a5400000|100%| O|  |TAMS 0x00000000a5400000, 0x00000000a5300000| Untracked 
|  84|0x00000000a5400000, 0x00000000a5500000, 0x00000000a5500000|100%| O|  |TAMS 0x00000000a5500000, 0x00000000a5400000| Untracked 
|  85|0x00000000a5500000, 0x00000000a5600000, 0x00000000a5600000|100%| O|  |TAMS 0x00000000a5600000, 0x00000000a5500000| Untracked 
|  86|0x00000000a5600000, 0x00000000a5700000, 0x00000000a5700000|100%| O|  |TAMS 0x00000000a5700000, 0x00000000a5600000| Untracked 
|  87|0x00000000a5700000, 0x00000000a5800000, 0x00000000a5800000|100%| O|  |TAMS 0x00000000a5800000, 0x00000000a5700000| Untracked 
|  88|0x00000000a5800000, 0x00000000a5900000, 0x00000000a5900000|100%| O|  |TAMS 0x00000000a5900000, 0x00000000a5800000| Untracked 
|  89|0x00000000a5900000, 0x00000000a5a00000, 0x00000000a5a00000|100%|HS|  |TAMS 0x00000000a5a00000, 0x00000000a5900000| Complete 
|  90|0x00000000a5a00000, 0x00000000a5b00000, 0x00000000a5b00000|100%|HC|  |TAMS 0x00000000a5b00000, 0x00000000a5a00000| Complete 
|  91|0x00000000a5b00000, 0x00000000a5c00000, 0x00000000a5c00000|100%| O|  |TAMS 0x00000000a5c00000, 0x00000000a5b00000| Untracked 
|  92|0x00000000a5c00000, 0x00000000a5d00000, 0x00000000a5d00000|100%| O|  |TAMS 0x00000000a5d00000, 0x00000000a5c00000| Untracked 
|  93|0x00000000a5d00000, 0x00000000a5e00000, 0x00000000a5e00000|100%| O|  |TAMS 0x00000000a5e00000, 0x00000000a5d00000| Untracked 
|  94|0x00000000a5e00000, 0x00000000a5f00000, 0x00000000a5f00000|100%| O|  |TAMS 0x00000000a5f00000, 0x00000000a5e00000| Complete 
|  95|0x00000000a5f00000, 0x00000000a6000000, 0x00000000a6000000|100%| O|  |TAMS 0x00000000a6000000, 0x00000000a5f00000| Complete 
|  96|0x00000000a6000000, 0x00000000a6100000, 0x00000000a6100000|100%|HS|  |TAMS 0x00000000a6100000, 0x00000000a6000000| Complete 
|  97|0x00000000a6100000, 0x00000000a6200000, 0x00000000a6200000|100%|HC|  |TAMS 0x00000000a6200000, 0x00000000a6100000| Complete 
|  98|0x00000000a6200000, 0x00000000a6300000, 0x00000000a6300000|100%| O|  |TAMS 0x00000000a6300000, 0x00000000a6200000| Complete 
|  99|0x00000000a6300000, 0x00000000a6400000, 0x00000000a6400000|100%|HS|  |TAMS 0x00000000a6400000, 0x00000000a6300000| Complete 
| 100|0x00000000a6400000, 0x00000000a6500000, 0x00000000a6500000|100%|HC|  |TAMS 0x00000000a6500000, 0x00000000a6400000| Complete 
| 101|0x00000000a6500000, 0x00000000a6600000, 0x00000000a6600000|100%| O|  |TAMS 0x00000000a6600000, 0x00000000a6500000| Complete 
| 102|0x00000000a6600000, 0x00000000a6700000, 0x00000000a6700000|100%| O|  |TAMS 0x00000000a6700000, 0x00000000a6600000| Complete 
| 103|0x00000000a6700000, 0x00000000a6800000, 0x00000000a6800000|100%|HS|  |TAMS 0x00000000a6800000, 0x00000000a6700000| Complete 
| 104|0x00000000a6800000, 0x00000000a6900000, 0x00000000a6900000|100%| O|  |TAMS 0x00000000a6900000, 0x00000000a6800000| Complete 
| 105|0x00000000a6900000, 0x00000000a6a00000, 0x00000000a6a00000|100%| O|  |TAMS 0x00000000a6a00000, 0x00000000a6900000| Complete 
| 106|0x00000000a6a00000, 0x00000000a6b00000, 0x00000000a6b00000|100%| O|  |TAMS 0x00000000a6b00000, 0x00000000a6a00000| Untracked 
| 107|0x00000000a6b00000, 0x00000000a6c00000, 0x00000000a6c00000|100%| O|  |TAMS 0x00000000a6c00000, 0x00000000a6b00000| Untracked 
| 108|0x00000000a6c00000, 0x00000000a6d00000, 0x00000000a6d00000|100%| O|  |TAMS 0x00000000a6d00000, 0x00000000a6c00000| Untracked 
| 109|0x00000000a6d00000, 0x00000000a6e00000, 0x00000000a6e00000|100%| O|  |TAMS 0x00000000a6e00000, 0x00000000a6d00000| Untracked 
| 110|0x00000000a6e00000, 0x00000000a6f00000, 0x00000000a6f00000|100%| O|  |TAMS 0x00000000a6f00000, 0x00000000a6e00000| Untracked 
| 111|0x00000000a6f00000, 0x00000000a7000000, 0x00000000a7000000|100%| O|  |TAMS 0x00000000a7000000, 0x00000000a6f00000| Untracked 
| 112|0x00000000a7000000, 0x00000000a7100000, 0x00000000a7100000|100%| O|  |TAMS 0x00000000a7100000, 0x00000000a7000000| Complete 
| 113|0x00000000a7100000, 0x00000000a7200000, 0x00000000a7200000|100%| O|  |TAMS 0x00000000a7200000, 0x00000000a7100000| Untracked 
| 114|0x00000000a7200000, 0x00000000a7300000, 0x00000000a7300000|100%| O|  |TAMS 0x00000000a7300000, 0x00000000a7200000| Untracked 
| 115|0x00000000a7300000, 0x00000000a7400000, 0x00000000a7400000|100%| O|  |TAMS 0x00000000a7400000, 0x00000000a7300000| Complete 
| 116|0x00000000a7400000, 0x00000000a7500000, 0x00000000a7500000|100%| O|  |TAMS 0x00000000a7500000, 0x00000000a7400000| Untracked 
| 117|0x00000000a7500000, 0x00000000a7600000, 0x00000000a7600000|100%| O|  |TAMS 0x00000000a7600000, 0x00000000a7500000| Untracked 
| 118|0x00000000a7600000, 0x00000000a7700000, 0x00000000a7700000|100%| O|  |TAMS 0x00000000a7700000, 0x00000000a7600000| Untracked 
| 119|0x00000000a7700000, 0x00000000a7800000, 0x00000000a7800000|100%| O|  |TAMS 0x00000000a7800000, 0x00000000a7700000| Untracked 
| 120|0x00000000a7800000, 0x00000000a7900000, 0x00000000a7900000|100%| O|  |TAMS 0x00000000a7900000, 0x00000000a7800000| Untracked 
| 121|0x00000000a7900000, 0x00000000a7a00000, 0x00000000a7a00000|100%| O|  |TAMS 0x00000000a7a00000, 0x00000000a7900000| Untracked 
| 122|0x00000000a7a00000, 0x00000000a7b00000, 0x00000000a7b00000|100%| O|  |TAMS 0x00000000a7b00000, 0x00000000a7a00000| Complete 
| 123|0x00000000a7b00000, 0x00000000a7c00000, 0x00000000a7c00000|100%| O|  |TAMS 0x00000000a7c00000, 0x00000000a7b00000| Complete 
| 124|0x00000000a7c00000, 0x00000000a7d00000, 0x00000000a7d00000|100%| O|  |TAMS 0x00000000a7d00000, 0x00000000a7c00000| Complete 
| 125|0x00000000a7d00000, 0x00000000a7e00000, 0x00000000a7e00000|100%| O|  |TAMS 0x00000000a7e00000, 0x00000000a7d00000| Complete 
| 126|0x00000000a7e00000, 0x00000000a7f00000, 0x00000000a7f00000|100%| O|  |TAMS 0x00000000a7f00000, 0x00000000a7e00000| Untracked 
| 127|0x00000000a7f00000, 0x00000000a8000000, 0x00000000a8000000|100%| O|  |TAMS 0x00000000a8000000, 0x00000000a7f00000| Untracked 
| 128|0x00000000a8000000, 0x00000000a8100000, 0x00000000a8100000|100%| O|  |TAMS 0x00000000a8100000, 0x00000000a8000000| Complete 
| 129|0x00000000a8100000, 0x00000000a8200000, 0x00000000a8200000|100%| O|  |TAMS 0x00000000a8200000, 0x00000000a8100000| Complete 
| 130|0x00000000a8200000, 0x00000000a8300000, 0x00000000a8300000|100%| O|  |TAMS 0x00000000a8300000, 0x00000000a8200000| Complete 
| 131|0x00000000a8300000, 0x00000000a8400000, 0x00000000a8400000|100%| O|  |TAMS 0x00000000a8400000, 0x00000000a8300000| Complete 
| 132|0x00000000a8400000, 0x00000000a8500000, 0x00000000a8500000|100%| O|  |TAMS 0x00000000a8500000, 0x00000000a8400000| Untracked 
| 133|0x00000000a8500000, 0x00000000a8600000, 0x00000000a8600000|100%| O|  |TAMS 0x00000000a8600000, 0x00000000a8500000| Untracked 
| 134|0x00000000a8600000, 0x00000000a8700000, 0x00000000a8700000|100%| O|  |TAMS 0x00000000a8700000, 0x00000000a8600000| Complete 
| 135|0x00000000a8700000, 0x00000000a8800000, 0x00000000a8800000|100%| O|  |TAMS 0x00000000a8800000, 0x00000000a8700000| Complete 
| 136|0x00000000a8800000, 0x00000000a8900000, 0x00000000a8900000|100%| O|  |TAMS 0x00000000a8900000, 0x00000000a8800000| Complete 
| 137|0x00000000a8900000, 0x00000000a8a00000, 0x00000000a8a00000|100%| O|  |TAMS 0x00000000a8a00000, 0x00000000a8900000| Untracked 
| 138|0x00000000a8a00000, 0x00000000a8b00000, 0x00000000a8b00000|100%| O|  |TAMS 0x00000000a8b00000, 0x00000000a8a00000| Untracked 
| 139|0x00000000a8b00000, 0x00000000a8c00000, 0x00000000a8c00000|100%| O|  |TAMS 0x00000000a8c00000, 0x00000000a8b00000| Complete 
| 140|0x00000000a8c00000, 0x00000000a8d00000, 0x00000000a8d00000|100%| O|  |TAMS 0x00000000a8d00000, 0x00000000a8c00000| Untracked 
| 141|0x00000000a8d00000, 0x00000000a8e00000, 0x00000000a8e00000|100%| O|  |TAMS 0x00000000a8e00000, 0x00000000a8d00000| Complete 
| 142|0x00000000a8e00000, 0x00000000a8f00000, 0x00000000a8f00000|100%| O|  |TAMS 0x00000000a8f00000, 0x00000000a8e00000| Complete 
| 143|0x00000000a8f00000, 0x00000000a9000000, 0x00000000a9000000|100%| O|  |TAMS 0x00000000a9000000, 0x00000000a8f00000| Untracked 
| 144|0x00000000a9000000, 0x00000000a9100000, 0x00000000a9100000|100%| O|  |TAMS 0x00000000a9100000, 0x00000000a9000000| Untracked 
| 145|0x00000000a9100000, 0x00000000a9200000, 0x00000000a9200000|100%| O|  |TAMS 0x00000000a9200000, 0x00000000a9100000| Complete 
| 146|0x00000000a9200000, 0x00000000a9300000, 0x00000000a9300000|100%| O|  |TAMS 0x00000000a9300000, 0x00000000a9200000| Complete 
| 147|0x00000000a9300000, 0x00000000a9400000, 0x00000000a9400000|100%| O|  |TAMS 0x00000000a9400000, 0x00000000a9300000| Complete 
| 148|0x00000000a9400000, 0x00000000a9500000, 0x00000000a9500000|100%| O|  |TAMS 0x00000000a9500000, 0x00000000a9400000| Complete 
| 149|0x00000000a9500000, 0x00000000a9600000, 0x00000000a9600000|100%| O|  |TAMS 0x00000000a9600000, 0x00000000a9500000| Untracked 
| 150|0x00000000a9600000, 0x00000000a9700000, 0x00000000a9700000|100%| O|  |TAMS 0x00000000a9700000, 0x00000000a9600000| Untracked 
| 151|0x00000000a9700000, 0x00000000a9800000, 0x00000000a9800000|100%| O|  |TAMS 0x00000000a9800000, 0x00000000a9700000| Complete 
| 152|0x00000000a9800000, 0x00000000a9900000, 0x00000000a9900000|100%| O|  |TAMS 0x00000000a9900000, 0x00000000a9800000| Untracked 
| 153|0x00000000a9900000, 0x00000000a9a00000, 0x00000000a9a00000|100%| O|  |TAMS 0x00000000a9a00000, 0x00000000a9900000| Complete 
| 154|0x00000000a9a00000, 0x00000000a9b00000, 0x00000000a9b00000|100%| O|  |TAMS 0x00000000a9b00000, 0x00000000a9a00000| Complete 
| 155|0x00000000a9b00000, 0x00000000a9c00000, 0x00000000a9c00000|100%| O|  |TAMS 0x00000000a9c00000, 0x00000000a9b00000| Untracked 
| 156|0x00000000a9c00000, 0x00000000a9d00000, 0x00000000a9d00000|100%| O|  |TAMS 0x00000000a9d00000, 0x00000000a9c00000| Untracked 
| 157|0x00000000a9d00000, 0x00000000a9e00000, 0x00000000a9e00000|100%| O|  |TAMS 0x00000000a9e00000, 0x00000000a9d00000| Untracked 
| 158|0x00000000a9e00000, 0x00000000a9f00000, 0x00000000a9f00000|100%| O|  |TAMS 0x00000000a9f00000, 0x00000000a9e00000| Untracked 
| 159|0x00000000a9f00000, 0x00000000aa000000, 0x00000000aa000000|100%| O|  |TAMS 0x00000000aa000000, 0x00000000a9f00000| Complete 
| 160|0x00000000aa000000, 0x00000000aa100000, 0x00000000aa100000|100%| O|  |TAMS 0x00000000aa100000, 0x00000000aa000000| Complete 
| 161|0x00000000aa100000, 0x00000000aa200000, 0x00000000aa200000|100%| O|  |TAMS 0x00000000aa200000, 0x00000000aa100000| Untracked 
| 162|0x00000000aa200000, 0x00000000aa300000, 0x00000000aa300000|100%| O|  |TAMS 0x00000000aa300000, 0x00000000aa200000| Complete 
| 163|0x00000000aa300000, 0x00000000aa400000, 0x00000000aa400000|100%| O|  |TAMS 0x00000000aa400000, 0x00000000aa300000| Complete 
| 164|0x00000000aa400000, 0x00000000aa500000, 0x00000000aa500000|100%| O|  |TAMS 0x00000000aa500000, 0x00000000aa400000| Untracked 
| 165|0x00000000aa500000, 0x00000000aa600000, 0x00000000aa600000|100%| O|  |TAMS 0x00000000aa600000, 0x00000000aa500000| Untracked 
| 166|0x00000000aa600000, 0x00000000aa700000, 0x00000000aa700000|100%| O|  |TAMS 0x00000000aa700000, 0x00000000aa600000| Complete 
| 167|0x00000000aa700000, 0x00000000aa800000, 0x00000000aa800000|100%| O|  |TAMS 0x00000000aa800000, 0x00000000aa700000| Untracked 
| 168|0x00000000aa800000, 0x00000000aa900000, 0x00000000aa900000|100%| O|  |TAMS 0x00000000aa900000, 0x00000000aa800000| Untracked 
| 169|0x00000000aa900000, 0x00000000aaa00000, 0x00000000aaa00000|100%| O|  |TAMS 0x00000000aaa00000, 0x00000000aa900000| Untracked 
| 170|0x00000000aaa00000, 0x00000000aab00000, 0x00000000aab00000|100%| O|  |TAMS 0x00000000aab00000, 0x00000000aaa00000| Untracked 
| 171|0x00000000aab00000, 0x00000000aac00000, 0x00000000aac00000|100%| O|  |TAMS 0x00000000aac00000, 0x00000000aab00000| Untracked 
| 172|0x00000000aac00000, 0x00000000aad00000, 0x00000000aad00000|100%| O|  |TAMS 0x00000000aad00000, 0x00000000aac00000| Complete 
| 173|0x00000000aad00000, 0x00000000aae00000, 0x00000000aae00000|100%|HS|  |TAMS 0x00000000aae00000, 0x00000000aad00000| Complete 
| 174|0x00000000aae00000, 0x00000000aaf00000, 0x00000000aaf00000|100%|HS|  |TAMS 0x00000000aaf00000, 0x00000000aae00000| Complete 
| 175|0x00000000aaf00000, 0x00000000ab000000, 0x00000000ab000000|100%|HS|  |TAMS 0x00000000ab000000, 0x00000000aaf00000| Complete 
| 176|0x00000000ab000000, 0x00000000ab100000, 0x00000000ab100000|100%| O|  |TAMS 0x00000000ab100000, 0x00000000ab000000| Untracked 
| 177|0x00000000ab100000, 0x00000000ab200000, 0x00000000ab200000|100%| O|  |TAMS 0x00000000ab200000, 0x00000000ab100000| Untracked 
| 178|0x00000000ab200000, 0x00000000ab300000, 0x00000000ab300000|100%| O|  |TAMS 0x00000000ab300000, 0x00000000ab200000| Untracked 
| 179|0x00000000ab300000, 0x00000000ab400000, 0x00000000ab400000|100%| O|  |TAMS 0x00000000ab400000, 0x00000000ab300000| Untracked 
| 180|0x00000000ab400000, 0x00000000ab500000, 0x00000000ab500000|100%| O|  |TAMS 0x00000000ab500000, 0x00000000ab400000| Untracked 
| 181|0x00000000ab500000, 0x00000000ab600000, 0x00000000ab600000|100%| O|  |TAMS 0x00000000ab600000, 0x00000000ab500000| Untracked 
| 182|0x00000000ab600000, 0x00000000ab700000, 0x00000000ab700000|100%| O|  |TAMS 0x00000000ab700000, 0x00000000ab600000| Untracked 
| 183|0x00000000ab700000, 0x00000000ab800000, 0x00000000ab800000|100%| O|  |TAMS 0x00000000ab800000, 0x00000000ab700000| Untracked 
| 184|0x00000000ab800000, 0x00000000ab900000, 0x00000000ab900000|100%| O|  |TAMS 0x00000000ab900000, 0x00000000ab800000| Untracked 
| 185|0x00000000ab900000, 0x00000000aba00000, 0x00000000aba00000|100%| O|  |TAMS 0x00000000aba00000, 0x00000000ab900000| Complete 
| 186|0x00000000aba00000, 0x00000000abb00000, 0x00000000abb00000|100%| O|  |TAMS 0x00000000abb00000, 0x00000000aba00000| Complete 
| 187|0x00000000abb00000, 0x00000000abc00000, 0x00000000abc00000|100%| O|  |TAMS 0x00000000abc00000, 0x00000000abb00000| Untracked 
| 188|0x00000000abc00000, 0x00000000abd00000, 0x00000000abd00000|100%| O|  |TAMS 0x00000000abd00000, 0x00000000abc00000| Untracked 
| 189|0x00000000abd00000, 0x00000000abe00000, 0x00000000abe00000|100%| O|  |TAMS 0x00000000abe00000, 0x00000000abd00000| Untracked 
| 190|0x00000000abe00000, 0x00000000abf00000, 0x00000000abf00000|100%| O|  |TAMS 0x00000000abf00000, 0x00000000abe00000| Untracked 
| 191|0x00000000abf00000, 0x00000000ac000000, 0x00000000ac000000|100%| O|  |TAMS 0x00000000ac000000, 0x00000000abf00000| Untracked 
| 192|0x00000000ac000000, 0x00000000ac100000, 0x00000000ac100000|100%| O|  |TAMS 0x00000000ac100000, 0x00000000ac000000| Untracked 
| 193|0x00000000ac100000, 0x00000000ac200000, 0x00000000ac200000|100%| O|  |TAMS 0x00000000ac200000, 0x00000000ac100000| Untracked 
| 194|0x00000000ac200000, 0x00000000ac300000, 0x00000000ac300000|100%| O|  |TAMS 0x00000000ac300000, 0x00000000ac200000| Untracked 
| 195|0x00000000ac300000, 0x00000000ac400000, 0x00000000ac400000|100%| O|  |TAMS 0x00000000ac400000, 0x00000000ac300000| Complete 
| 196|0x00000000ac400000, 0x00000000ac500000, 0x00000000ac500000|100%| O|  |TAMS 0x00000000ac474400, 0x00000000ac400000| Untracked 
| 197|0x00000000ac500000, 0x00000000ac600000, 0x00000000ac600000|100%| O|  |TAMS 0x00000000ac500000, 0x00000000ac500000| Untracked 
| 198|0x00000000ac600000, 0x00000000ac700000, 0x00000000ac700000|100%| O|  |TAMS 0x00000000ac600000, 0x00000000ac600000| Untracked 
| 199|0x00000000ac700000, 0x00000000ac800000, 0x00000000ac800000|100%| O|  |TAMS 0x00000000ac700000, 0x00000000ac700000| Untracked 
| 200|0x00000000ac800000, 0x00000000ac900000, 0x00000000ac900000|100%| O|  |TAMS 0x00000000ac800000, 0x00000000ac800000| Untracked 
| 201|0x00000000ac900000, 0x00000000aca00000, 0x00000000aca00000|100%| O|  |TAMS 0x00000000ac900000, 0x00000000ac900000| Untracked 
| 202|0x00000000aca00000, 0x00000000acb00000, 0x00000000acb00000|100%| O|  |TAMS 0x00000000aca00000, 0x00000000aca00000| Untracked 
| 203|0x00000000acb00000, 0x00000000acc00000, 0x00000000acc00000|100%| O|  |TAMS 0x00000000acb00000, 0x00000000acb00000| Untracked 
| 204|0x00000000acc00000, 0x00000000acd00000, 0x00000000acd00000|100%| O|  |TAMS 0x00000000acc00000, 0x00000000acc00000| Untracked 
| 205|0x00000000acd00000, 0x00000000acd00000, 0x00000000ace00000|  0%| F|  |TAMS 0x00000000acd00000, 0x00000000acd00000| Untracked 
| 206|0x00000000ace00000, 0x00000000ace00000, 0x00000000acf00000|  0%| F|  |TAMS 0x00000000ace00000, 0x00000000ace00000| Untracked 
| 207|0x00000000acf00000, 0x00000000acf00000, 0x00000000ad000000|  0%| F|  |TAMS 0x00000000acf00000, 0x00000000acf00000| Untracked 
| 208|0x00000000ad000000, 0x00000000ad000000, 0x00000000ad100000|  0%| F|  |TAMS 0x00000000ad000000, 0x00000000ad000000| Untracked 
| 209|0x00000000ad100000, 0x00000000ad100000, 0x00000000ad200000|  0%| F|  |TAMS 0x00000000ad100000, 0x00000000ad100000| Untracked 
| 210|0x00000000ad200000, 0x00000000ad200000, 0x00000000ad300000|  0%| F|  |TAMS 0x00000000ad200000, 0x00000000ad200000| Untracked 
| 211|0x00000000ad300000, 0x00000000ad300000, 0x00000000ad400000|  0%| F|  |TAMS 0x00000000ad300000, 0x00000000ad300000| Untracked 
| 212|0x00000000ad400000, 0x00000000ad400000, 0x00000000ad500000|  0%| F|  |TAMS 0x00000000ad400000, 0x00000000ad400000| Untracked 
| 213|0x00000000ad500000, 0x00000000ad500000, 0x00000000ad600000|  0%| F|  |TAMS 0x00000000ad500000, 0x00000000ad500000| Untracked 
| 214|0x00000000ad600000, 0x00000000ad600000, 0x00000000ad700000|  0%| F|  |TAMS 0x00000000ad600000, 0x00000000ad600000| Untracked 
| 215|0x00000000ad700000, 0x00000000ad700000, 0x00000000ad800000|  0%| F|  |TAMS 0x00000000ad700000, 0x00000000ad700000| Untracked 
| 216|0x00000000ad800000, 0x00000000ad800000, 0x00000000ad900000|  0%| F|  |TAMS 0x00000000ad800000, 0x00000000ad800000| Untracked 
| 217|0x00000000ad900000, 0x00000000ad900000, 0x00000000ada00000|  0%| F|  |TAMS 0x00000000ad900000, 0x00000000ad900000| Untracked 
| 218|0x00000000ada00000, 0x00000000ada00000, 0x00000000adb00000|  0%| F|  |TAMS 0x00000000ada00000, 0x00000000ada00000| Untracked 
| 219|0x00000000adb00000, 0x00000000adb00000, 0x00000000adc00000|  0%| F|  |TAMS 0x00000000adb00000, 0x00000000adb00000| Untracked 
| 220|0x00000000adc00000, 0x00000000adc00000, 0x00000000add00000|  0%| F|  |TAMS 0x00000000adc00000, 0x00000000adc00000| Untracked 
| 221|0x00000000add00000, 0x00000000add00000, 0x00000000ade00000|  0%| F|  |TAMS 0x00000000add00000, 0x00000000add00000| Untracked 
| 222|0x00000000ade00000, 0x00000000ade00000, 0x00000000adf00000|  0%| F|  |TAMS 0x00000000ade00000, 0x00000000ade00000| Untracked 
| 223|0x00000000adf00000, 0x00000000adf00000, 0x00000000ae000000|  0%| F|  |TAMS 0x00000000adf00000, 0x00000000adf00000| Untracked 
| 224|0x00000000ae000000, 0x00000000ae000000, 0x00000000ae100000|  0%| F|  |TAMS 0x00000000ae000000, 0x00000000ae000000| Untracked 
| 225|0x00000000ae100000, 0x00000000ae100000, 0x00000000ae200000|  0%| F|  |TAMS 0x00000000ae100000, 0x00000000ae100000| Untracked 
| 226|0x00000000ae200000, 0x00000000ae200000, 0x00000000ae300000|  0%| F|  |TAMS 0x00000000ae200000, 0x00000000ae200000| Untracked 
| 227|0x00000000ae300000, 0x00000000ae300000, 0x00000000ae400000|  0%| F|  |TAMS 0x00000000ae300000, 0x00000000ae300000| Untracked 
| 228|0x00000000ae400000, 0x00000000ae400000, 0x00000000ae500000|  0%| F|  |TAMS 0x00000000ae400000, 0x00000000ae400000| Untracked 
| 229|0x00000000ae500000, 0x00000000ae500000, 0x00000000ae600000|  0%| F|  |TAMS 0x00000000ae500000, 0x00000000ae500000| Untracked 
| 230|0x00000000ae600000, 0x00000000ae600000, 0x00000000ae700000|  0%| F|  |TAMS 0x00000000ae600000, 0x00000000ae600000| Untracked 
| 231|0x00000000ae700000, 0x00000000ae700000, 0x00000000ae800000|  0%| F|  |TAMS 0x00000000ae700000, 0x00000000ae700000| Untracked 
| 232|0x00000000ae800000, 0x00000000ae800000, 0x00000000ae900000|  0%| F|  |TAMS 0x00000000ae800000, 0x00000000ae800000| Untracked 
| 233|0x00000000ae900000, 0x00000000ae900000, 0x00000000aea00000|  0%| F|  |TAMS 0x00000000ae900000, 0x00000000ae900000| Untracked 
| 234|0x00000000aea00000, 0x00000000aea00000, 0x00000000aeb00000|  0%| F|  |TAMS 0x00000000aea00000, 0x00000000aea00000| Untracked 
| 235|0x00000000aeb00000, 0x00000000aeb00000, 0x00000000aec00000|  0%| F|  |TAMS 0x00000000aeb00000, 0x00000000aeb00000| Untracked 
| 236|0x00000000aec00000, 0x00000000aec00000, 0x00000000aed00000|  0%| F|  |TAMS 0x00000000aec00000, 0x00000000aec00000| Untracked 
| 237|0x00000000aed00000, 0x00000000aed00000, 0x00000000aee00000|  0%| F|  |TAMS 0x00000000aed00000, 0x00000000aed00000| Untracked 
| 238|0x00000000aee00000, 0x00000000aee00000, 0x00000000aef00000|  0%| F|  |TAMS 0x00000000aee00000, 0x00000000aee00000| Untracked 
| 239|0x00000000aef00000, 0x00000000aef00000, 0x00000000af000000|  0%| F|  |TAMS 0x00000000aef00000, 0x00000000aef00000| Untracked 
| 240|0x00000000af000000, 0x00000000af000000, 0x00000000af100000|  0%| F|  |TAMS 0x00000000af000000, 0x00000000af000000| Untracked 
| 241|0x00000000af100000, 0x00000000af100000, 0x00000000af200000|  0%| F|  |TAMS 0x00000000af100000, 0x00000000af100000| Untracked 
| 242|0x00000000af200000, 0x00000000af200000, 0x00000000af300000|  0%| F|  |TAMS 0x00000000af200000, 0x00000000af200000| Untracked 
| 243|0x00000000af300000, 0x00000000af300000, 0x00000000af400000|  0%| F|  |TAMS 0x00000000af300000, 0x00000000af300000| Untracked 
| 244|0x00000000af400000, 0x00000000af400000, 0x00000000af500000|  0%| F|  |TAMS 0x00000000af400000, 0x00000000af400000| Untracked 
| 245|0x00000000af500000, 0x00000000af500000, 0x00000000af600000|  0%| F|  |TAMS 0x00000000af500000, 0x00000000af500000| Untracked 
| 246|0x00000000af600000, 0x00000000af600000, 0x00000000af700000|  0%| F|  |TAMS 0x00000000af600000, 0x00000000af600000| Untracked 
| 247|0x00000000af700000, 0x00000000af700000, 0x00000000af800000|  0%| F|  |TAMS 0x00000000af700000, 0x00000000af700000| Untracked 
| 248|0x00000000af800000, 0x00000000af800000, 0x00000000af900000|  0%| F|  |TAMS 0x00000000af800000, 0x00000000af800000| Untracked 
| 249|0x00000000af900000, 0x00000000af900000, 0x00000000afa00000|  0%| F|  |TAMS 0x00000000af900000, 0x00000000af900000| Untracked 
| 250|0x00000000afa00000, 0x00000000afa00000, 0x00000000afb00000|  0%| F|  |TAMS 0x00000000afa00000, 0x00000000afa00000| Untracked 
| 251|0x00000000afb00000, 0x00000000afb00000, 0x00000000afc00000|  0%| F|  |TAMS 0x00000000afb00000, 0x00000000afb00000| Untracked 
| 252|0x00000000afc00000, 0x00000000afc00000, 0x00000000afd00000|  0%| F|  |TAMS 0x00000000afc00000, 0x00000000afc00000| Untracked 
| 253|0x00000000afd00000, 0x00000000afd00000, 0x00000000afe00000|  0%| F|  |TAMS 0x00000000afd00000, 0x00000000afd00000| Untracked 
| 254|0x00000000afe00000, 0x00000000afe00000, 0x00000000aff00000|  0%| F|  |TAMS 0x00000000afe00000, 0x00000000afe00000| Untracked 
| 255|0x00000000aff00000, 0x00000000aff00000, 0x00000000b0000000|  0%| F|  |TAMS 0x00000000aff00000, 0x00000000aff00000| Untracked 
| 256|0x00000000b0000000, 0x00000000b0000000, 0x00000000b0100000|  0%| F|  |TAMS 0x00000000b0000000, 0x00000000b0000000| Untracked 
| 257|0x00000000b0100000, 0x00000000b0100000, 0x00000000b0200000|  0%| F|  |TAMS 0x00000000b0100000, 0x00000000b0100000| Untracked 
| 258|0x00000000b0200000, 0x00000000b0200000, 0x00000000b0300000|  0%| F|  |TAMS 0x00000000b0200000, 0x00000000b0200000| Untracked 
| 259|0x00000000b0300000, 0x00000000b0300000, 0x00000000b0400000|  0%| F|  |TAMS 0x00000000b0300000, 0x00000000b0300000| Untracked 
| 260|0x00000000b0400000, 0x00000000b0400000, 0x00000000b0500000|  0%| F|  |TAMS 0x00000000b0400000, 0x00000000b0400000| Untracked 
| 261|0x00000000b0500000, 0x00000000b0500000, 0x00000000b0600000|  0%| F|  |TAMS 0x00000000b0500000, 0x00000000b0500000| Untracked 
| 262|0x00000000b0600000, 0x00000000b0600000, 0x00000000b0700000|  0%| F|  |TAMS 0x00000000b0600000, 0x00000000b0600000| Untracked 
| 263|0x00000000b0700000, 0x00000000b0700000, 0x00000000b0800000|  0%| F|  |TAMS 0x00000000b0700000, 0x00000000b0700000| Untracked 
| 264|0x00000000b0800000, 0x00000000b0800000, 0x00000000b0900000|  0%| F|  |TAMS 0x00000000b0800000, 0x00000000b0800000| Untracked 
| 265|0x00000000b0900000, 0x00000000b0900000, 0x00000000b0a00000|  0%| F|  |TAMS 0x00000000b0900000, 0x00000000b0900000| Untracked 
| 266|0x00000000b0a00000, 0x00000000b0a00000, 0x00000000b0b00000|  0%| F|  |TAMS 0x00000000b0a00000, 0x00000000b0a00000| Untracked 
| 267|0x00000000b0b00000, 0x00000000b0b00000, 0x00000000b0c00000|  0%| F|  |TAMS 0x00000000b0b00000, 0x00000000b0b00000| Untracked 
| 268|0x00000000b0c00000, 0x00000000b0d00000, 0x00000000b0d00000|100%| S|CS|TAMS 0x00000000b0c00000, 0x00000000b0c00000| Complete 
| 269|0x00000000b0d00000, 0x00000000b0e00000, 0x00000000b0e00000|100%| S|CS|TAMS 0x00000000b0d00000, 0x00000000b0d00000| Complete 
| 270|0x00000000b0e00000, 0x00000000b0f00000, 0x00000000b0f00000|100%| S|CS|TAMS 0x00000000b0e00000, 0x00000000b0e00000| Complete 
| 271|0x00000000b0f00000, 0x00000000b1000000, 0x00000000b1000000|100%| S|CS|TAMS 0x00000000b0f00000, 0x00000000b0f00000| Complete 
| 272|0x00000000b1000000, 0x00000000b1100000, 0x00000000b1100000|100%| S|CS|TAMS 0x00000000b1000000, 0x00000000b1000000| Complete 
| 273|0x00000000b1100000, 0x00000000b1100000, 0x00000000b1200000|  0%| F|  |TAMS 0x00000000b1100000, 0x00000000b1100000| Untracked 
| 274|0x00000000b1200000, 0x00000000b1200000, 0x00000000b1300000|  0%| F|  |TAMS 0x00000000b1200000, 0x00000000b1200000| Untracked 
| 275|0x00000000b1300000, 0x00000000b1300000, 0x00000000b1400000|  0%| F|  |TAMS 0x00000000b1300000, 0x00000000b1300000| Untracked 
| 276|0x00000000b1400000, 0x00000000b1400000, 0x00000000b1500000|  0%| F|  |TAMS 0x00000000b1400000, 0x00000000b1400000| Untracked 
| 277|0x00000000b1500000, 0x00000000b1500000, 0x00000000b1600000|  0%| F|  |TAMS 0x00000000b1500000, 0x00000000b1500000| Untracked 
| 278|0x00000000b1600000, 0x00000000b1600000, 0x00000000b1700000|  0%| F|  |TAMS 0x00000000b1600000, 0x00000000b1600000| Untracked 
| 279|0x00000000b1700000, 0x00000000b1700000, 0x00000000b1800000|  0%| F|  |TAMS 0x00000000b1700000, 0x00000000b1700000| Untracked 
| 280|0x00000000b1800000, 0x00000000b1900000, 0x00000000b1900000|100%| S|CS|TAMS 0x00000000b1800000, 0x00000000b1800000| Complete 
| 281|0x00000000b1900000, 0x00000000b1a00000, 0x00000000b1a00000|100%| S|CS|TAMS 0x00000000b1900000, 0x00000000b1900000| Complete 
| 282|0x00000000b1a00000, 0x00000000b1a00000, 0x00000000b1b00000|  0%| F|  |TAMS 0x00000000b1a00000, 0x00000000b1a00000| Untracked 
| 283|0x00000000b1b00000, 0x00000000b1b00000, 0x00000000b1c00000|  0%| F|  |TAMS 0x00000000b1b00000, 0x00000000b1b00000| Untracked 
| 284|0x00000000b1c00000, 0x00000000b1c00000, 0x00000000b1d00000|  0%| F|  |TAMS 0x00000000b1c00000, 0x00000000b1c00000| Untracked 
| 285|0x00000000b1d00000, 0x00000000b1d00000, 0x00000000b1e00000|  0%| F|  |TAMS 0x00000000b1d00000, 0x00000000b1d00000| Untracked 
| 286|0x00000000b1e00000, 0x00000000b1e00000, 0x00000000b1f00000|  0%| F|  |TAMS 0x00000000b1e00000, 0x00000000b1e00000| Untracked 
| 287|0x00000000b1f00000, 0x00000000b1f00000, 0x00000000b2000000|  0%| F|  |TAMS 0x00000000b1f00000, 0x00000000b1f00000| Untracked 
| 288|0x00000000b2000000, 0x00000000b2000000, 0x00000000b2100000|  0%| F|  |TAMS 0x00000000b2000000, 0x00000000b2000000| Untracked 
| 289|0x00000000b2100000, 0x00000000b2100000, 0x00000000b2200000|  0%| F|  |TAMS 0x00000000b2100000, 0x00000000b2100000| Untracked 
| 290|0x00000000b2200000, 0x00000000b2200000, 0x00000000b2300000|  0%| F|  |TAMS 0x00000000b2200000, 0x00000000b2200000| Untracked 
| 291|0x00000000b2300000, 0x00000000b2300000, 0x00000000b2400000|  0%| F|  |TAMS 0x00000000b2300000, 0x00000000b2300000| Untracked 
| 292|0x00000000b2400000, 0x00000000b2400000, 0x00000000b2500000|  0%| F|  |TAMS 0x00000000b2400000, 0x00000000b2400000| Untracked 
| 293|0x00000000b2500000, 0x00000000b2500000, 0x00000000b2600000|  0%| F|  |TAMS 0x00000000b2500000, 0x00000000b2500000| Untracked 
| 294|0x00000000b2600000, 0x00000000b2600000, 0x00000000b2700000|  0%| F|  |TAMS 0x00000000b2600000, 0x00000000b2600000| Untracked 
| 295|0x00000000b2700000, 0x00000000b2700000, 0x00000000b2800000|  0%| F|  |TAMS 0x00000000b2700000, 0x00000000b2700000| Untracked 
| 296|0x00000000b2800000, 0x00000000b2800000, 0x00000000b2900000|  0%| F|  |TAMS 0x00000000b2800000, 0x00000000b2800000| Untracked 
| 297|0x00000000b2900000, 0x00000000b2900000, 0x00000000b2a00000|  0%| F|  |TAMS 0x00000000b2900000, 0x00000000b2900000| Untracked 
| 298|0x00000000b2a00000, 0x00000000b2a00000, 0x00000000b2b00000|  0%| F|  |TAMS 0x00000000b2a00000, 0x00000000b2a00000| Untracked 
| 299|0x00000000b2b00000, 0x00000000b2b00000, 0x00000000b2c00000|  0%| F|  |TAMS 0x00000000b2b00000, 0x00000000b2b00000| Untracked 
| 300|0x00000000b2c00000, 0x00000000b2c00000, 0x00000000b2d00000|  0%| F|  |TAMS 0x00000000b2c00000, 0x00000000b2c00000| Untracked 
| 301|0x00000000b2d00000, 0x00000000b2d00000, 0x00000000b2e00000|  0%| F|  |TAMS 0x00000000b2d00000, 0x00000000b2d00000| Untracked 
| 302|0x00000000b2e00000, 0x00000000b2e00000, 0x00000000b2f00000|  0%| F|  |TAMS 0x00000000b2e00000, 0x00000000b2e00000| Untracked 
| 303|0x00000000b2f00000, 0x00000000b2f00000, 0x00000000b3000000|  0%| F|  |TAMS 0x00000000b2f00000, 0x00000000b2f00000| Untracked 
| 304|0x00000000b3000000, 0x00000000b3000000, 0x00000000b3100000|  0%| F|  |TAMS 0x00000000b3000000, 0x00000000b3000000| Untracked 
| 305|0x00000000b3100000, 0x00000000b3100000, 0x00000000b3200000|  0%| F|  |TAMS 0x00000000b3100000, 0x00000000b3100000| Untracked 
| 306|0x00000000b3200000, 0x00000000b3200000, 0x00000000b3300000|  0%| F|  |TAMS 0x00000000b3200000, 0x00000000b3200000| Untracked 
| 307|0x00000000b3300000, 0x00000000b3300000, 0x00000000b3400000|  0%| F|  |TAMS 0x00000000b3300000, 0x00000000b3300000| Untracked 
| 308|0x00000000b3400000, 0x00000000b3400000, 0x00000000b3500000|  0%| F|  |TAMS 0x00000000b3400000, 0x00000000b3400000| Untracked 
| 309|0x00000000b3500000, 0x00000000b3500000, 0x00000000b3600000|  0%| F|  |TAMS 0x00000000b3500000, 0x00000000b3500000| Untracked 
| 310|0x00000000b3600000, 0x00000000b3600000, 0x00000000b3700000|  0%| F|  |TAMS 0x00000000b3600000, 0x00000000b3600000| Untracked 
| 311|0x00000000b3700000, 0x00000000b3700000, 0x00000000b3800000|  0%| F|  |TAMS 0x00000000b3700000, 0x00000000b3700000| Untracked 
| 312|0x00000000b3800000, 0x00000000b3800000, 0x00000000b3900000|  0%| F|  |TAMS 0x00000000b3800000, 0x00000000b3800000| Untracked 
| 313|0x00000000b3900000, 0x00000000b3900000, 0x00000000b3a00000|  0%| F|  |TAMS 0x00000000b3900000, 0x00000000b3900000| Untracked 
| 314|0x00000000b3a00000, 0x00000000b3a00000, 0x00000000b3b00000|  0%| F|  |TAMS 0x00000000b3a00000, 0x00000000b3a00000| Untracked 
| 315|0x00000000b3b00000, 0x00000000b3b00000, 0x00000000b3c00000|  0%| F|  |TAMS 0x00000000b3b00000, 0x00000000b3b00000| Untracked 
| 316|0x00000000b3c00000, 0x00000000b3c00000, 0x00000000b3d00000|  0%| F|  |TAMS 0x00000000b3c00000, 0x00000000b3c00000| Untracked 
| 317|0x00000000b3d00000, 0x00000000b3d00000, 0x00000000b3e00000|  0%| F|  |TAMS 0x00000000b3d00000, 0x00000000b3d00000| Untracked 
| 318|0x00000000b3e00000, 0x00000000b3e00000, 0x00000000b3f00000|  0%| F|  |TAMS 0x00000000b3e00000, 0x00000000b3e00000| Untracked 
| 319|0x00000000b3f00000, 0x00000000b3f00000, 0x00000000b4000000|  0%| F|  |TAMS 0x00000000b3f00000, 0x00000000b3f00000| Untracked 
| 320|0x00000000b4000000, 0x00000000b4000000, 0x00000000b4100000|  0%| F|  |TAMS 0x00000000b4000000, 0x00000000b4000000| Untracked 
| 321|0x00000000b4100000, 0x00000000b4100000, 0x00000000b4200000|  0%| F|  |TAMS 0x00000000b4100000, 0x00000000b4100000| Untracked 
| 322|0x00000000b4200000, 0x00000000b4200000, 0x00000000b4300000|  0%| F|  |TAMS 0x00000000b4200000, 0x00000000b4200000| Untracked 
| 323|0x00000000b4300000, 0x00000000b4300000, 0x00000000b4400000|  0%| F|  |TAMS 0x00000000b4300000, 0x00000000b4300000| Untracked 
| 324|0x00000000b4400000, 0x00000000b4400000, 0x00000000b4500000|  0%| F|  |TAMS 0x00000000b4400000, 0x00000000b4400000| Untracked 

Card table byte_map: [0x000002f1bd0c0000,0x000002f1bd3c0000] _byte_map_base: 0x000002f1bcbc0000

Marking Bits (Prev, Next): (CMBitMap*) 0x000002f1a84f4830, (CMBitMap*) 0x000002f1a84f47f8
 Prev Bits: [0x000002f1beec0000, 0x000002f1c06c0000)
 Next Bits: [0x000002f1bd6c0000, 0x000002f1beec0000)

Polling page: 0x000002f1a85a0000

Metaspace:

Usage:
  Non-class:    146.66 MB capacity,   144.30 MB ( 98%) used,     1.94 MB (  1%) free+waste,   425.44 KB ( <1%) overhead. 
      Class:     22.07 MB capacity,    20.64 MB ( 94%) used,     1.24 MB (  6%) free+waste,   193.81 KB ( <1%) overhead. 
       Both:    168.72 MB capacity,   164.93 MB ( 98%) used,     3.19 MB (  2%) free+waste,   619.25 KB ( <1%) overhead. 

Virtual space:
  Non-class space:      148.00 MB reserved,     146.75 MB (>99%) committed 
      Class space:        1.00 GB reserved,      22.13 MB (  2%) committed 
             Both:        1.14 GB reserved,     168.88 MB ( 14%) committed 

Chunk freelists:
   Non-Class:  33.00 KB
       Class:  28.00 KB
        Both:  61.00 KB

MaxMetaspaceSize: 17179869184.00 GB
CompressedClassSpaceSize: 1.00 GB

CodeHeap 'non-profiled nmethods': size=120064Kb used=13368Kb max_used=13501Kb free=106695Kb
 bounds [0x000002f1b5250000, 0x000002f1b5fd0000, 0x000002f1bc790000]
CodeHeap 'profiled nmethods': size=120000Kb used=41076Kb max_used=43080Kb free=78923Kb
 bounds [0x000002f1add20000, 0x000002f1b0740000, 0x000002f1b5250000]
CodeHeap 'non-nmethods': size=5696Kb used=2412Kb max_used=2482Kb free=3283Kb
 bounds [0x000002f1ad790000, 0x000002f1ada20000, 0x000002f1add20000]
 total_blobs=19348 nmethods=18277 adapters=982
 compilation: enabled
              stopped_count=0, restarted_count=0
 full_count=0

Compilation events (20 events):
Event: 379.978 Thread 0x000002f1c2d18000 19874       2       com.android.tools.r8.q.a.a.b.S::<init> (5 bytes)
Event: 379.978 Thread 0x000002f1c2d18000 nmethod 19874 0x000002f1adeccf10 code [0x000002f1adecd0c0, 0x000002f1adecd1b8]
Event: 379.979 Thread 0x000002f1c2d18000 19877       2       com.android.tools.r8.q.a.a.b.u0::a (60 bytes)
Event: 379.980 Thread 0x000002f1c2d18000 nmethod 19877 0x000002f1adef9a90 code [0x000002f1adef9c80, 0x000002f1adef9fa8]
Event: 379.980 Thread 0x000002f1c2d18000 19878       2       java.util.IdentityHashMap$EntryIterator::next (5 bytes)
Event: 379.980 Thread 0x000002f1c2d18000 nmethod 19878 0x000002f1adedd910 code [0x000002f1adeddae0, 0x000002f1adeddd28]
Event: 379.980 Thread 0x000002f1c2d18000 19879       2       java.util.IdentityHashMap$EntryIterator::next (21 bytes)
Event: 379.981 Thread 0x000002f1c2d18000 nmethod 19879 0x000002f1adf15c10 code [0x000002f1adf15de0, 0x000002f1adf16028]
Event: 379.981 Thread 0x000002f1c2d18000 19880       2       java.util.IdentityHashMap$EntryIterator$Entry::<init> (15 bytes)
Event: 379.981 Thread 0x000002f1c2d18000 nmethod 19880 0x000002f1adecda90 code [0x000002f1adecdc40, 0x000002f1adecdd98]
Event: 379.981 Thread 0x000002f1c2d18000 19881       2       java.util.IdentityHashMap$EntryIterator$Entry::getKey (20 bytes)
Event: 379.982 Thread 0x000002f1c2d18000 nmethod 19881 0x000002f1adf2e990 code [0x000002f1adf2eb60, 0x000002f1adf2ed88]
Event: 379.982 Thread 0x000002f1c2d18000 19882       2       java.util.IdentityHashMap$EntryIterator$Entry::getValue (19 bytes)
Event: 379.982 Thread 0x000002f1c2d18000 nmethod 19882 0x000002f1adfa2d90 code [0x000002f1adfa2f60, 0x000002f1adfa3168]
Event: 379.985 Thread 0x000002f1c2d18000 19883 %     3       com.android.tools.r8.q.a.a.b.u0::b @ 62 (234 bytes)
Event: 379.989 Thread 0x000002f1c2d18000 nmethod 19883% 0x000002f1ae07fd90 code [0x000002f1ae080180, 0x000002f1ae082138]
Event: 379.989 Thread 0x000002f1c2d18000 19884       3       com.android.tools.r8.q.a.a.b.u0::b (234 bytes)
Event: 379.992 Thread 0x000002f1c2d18000 nmethod 19884 0x000002f1ae09fe90 code [0x000002f1ae0a0260, 0x000002f1ae0a1f78]
Event: 380.151 Thread 0x000002f1c2d13000 nmethod 19855 0x000002f1b5661510 code [0x000002f1b56617e0, 0x000002f1b5664f88]
Event: 380.152 Thread 0x000002f1c2d13000 19859       4       com.android.tools.r8.graph.p1::b (41 bytes)

GC Heap History (20 events):
Event: 371.003 GC heap after
{Heap after GC invocations=140 (full 0):
 garbage-first heap   total 187392K, used 151957K [0x00000000a0000000, 0x0000000100000000)
  region size 1024K, 2 young (2048K), 2 survivors (2048K)
 Metaspace       used 168343K, capacity 172119K, committed 172288K, reserved 1200128K
  class space    used 21066K, capacity 22469K, committed 22528K, reserved 1048576K
}
Event: 371.307 GC heap before
{Heap before GC invocations=140 (full 0):
 garbage-first heap   total 187392K, used 161173K [0x00000000a0000000, 0x0000000100000000)
  region size 1024K, 11 young (11264K), 2 survivors (2048K)
 Metaspace       used 168346K, capacity 172121K, committed 172288K, reserved 1200128K
  class space    used 21066K, capacity 22469K, committed 22528K, reserved 1048576K
}
Event: 371.330 GC heap after
{Heap after GC invocations=141 (full 0):
 garbage-first heap   total 187392K, used 154624K [0x00000000a0000000, 0x0000000100000000)
  region size 1024K, 2 young (2048K), 2 survivors (2048K)
 Metaspace       used 168346K, capacity 172121K, committed 172288K, reserved 1200128K
  class space    used 21066K, capacity 22469K, committed 22528K, reserved 1048576K
}
Event: 371.525 GC heap before
{Heap before GC invocations=142 (full 0):
 garbage-first heap   total 187392K, used 161792K [0x00000000a0000000, 0x0000000100000000)
  region size 1024K, 9 young (9216K), 2 survivors (2048K)
 Metaspace       used 168348K, capacity 172121K, committed 172288K, reserved 1200128K
  class space    used 21066K, capacity 22469K, committed 22528K, reserved 1048576K
}
Event: 371.548 GC heap after
{Heap after GC invocations=143 (full 0):
 garbage-first heap   total 225280K, used 156798K [0x00000000a0000000, 0x0000000100000000)
  region size 1024K, 2 young (2048K), 2 survivors (2048K)
 Metaspace       used 168348K, capacity 172121K, committed 172288K, reserved 1200128K
  class space    used 21066K, capacity 22469K, committed 22528K, reserved 1048576K
}
Event: 371.981 GC heap before
{Heap before GC invocations=143 (full 0):
 garbage-first heap   total 225280K, used 166014K [0x00000000a0000000, 0x0000000100000000)
  region size 1024K, 11 young (11264K), 2 survivors (2048K)
 Metaspace       used 168353K, capacity 172185K, committed 172288K, reserved 1200128K
  class space    used 21066K, capacity 22469K, committed 22528K, reserved 1048576K
}
Event: 372.004 GC heap after
{Heap after GC invocations=144 (full 0):
 garbage-first heap   total 225280K, used 159363K [0x00000000a0000000, 0x0000000100000000)
  region size 1024K, 2 young (2048K), 2 survivors (2048K)
 Metaspace       used 168353K, capacity 172185K, committed 172288K, reserved 1200128K
  class space    used 21066K, capacity 22469K, committed 22528K, reserved 1048576K
}
Event: 372.572 GC heap before
{Heap before GC invocations=144 (full 0):
 garbage-first heap   total 225280K, used 178819K [0x00000000a0000000, 0x0000000100000000)
  region size 1024K, 21 young (21504K), 2 survivors (2048K)
 Metaspace       used 168411K, capacity 172206K, committed 172288K, reserved 1200128K
  class space    used 21073K, capacity 22475K, committed 22528K, reserved 1048576K
}
Event: 372.618 GC heap after
{Heap after GC invocations=145 (full 0):
 garbage-first heap   total 225280K, used 166005K [0x00000000a0000000, 0x0000000100000000)
  region size 1024K, 3 young (3072K), 3 survivors (3072K)
 Metaspace       used 168411K, capacity 172206K, committed 172288K, reserved 1200128K
  class space    used 21073K, capacity 22475K, committed 22528K, reserved 1048576K
}
Event: 373.119 GC heap before
{Heap before GC invocations=145 (full 0):
 garbage-first heap   total 225280K, used 181365K [0x00000000a0000000, 0x0000000100000000)
  region size 1024K, 19 young (19456K), 3 survivors (3072K)
 Metaspace       used 168437K, capacity 172213K, committed 172288K, reserved 1200128K
  class space    used 21073K, capacity 22475K, committed 22528K, reserved 1048576K
}
Event: 373.148 GC heap after
{Heap after GC invocations=146 (full 0):
 garbage-first heap   total 225280K, used 170206K [0x00000000a0000000, 0x0000000100000000)
  region size 1024K, 3 young (3072K), 3 survivors (3072K)
 Metaspace       used 168437K, capacity 172213K, committed 172288K, reserved 1200128K
  class space    used 21073K, capacity 22475K, committed 22528K, reserved 1048576K
}
Event: 373.609 GC heap before
{Heap before GC invocations=146 (full 0):
 garbage-first heap   total 225280K, used 184542K [0x00000000a0000000, 0x0000000100000000)
  region size 1024K, 18 young (18432K), 3 survivors (3072K)
 Metaspace       used 168437K, capacity 172213K, committed 172288K, reserved 1200128K
  class space    used 21073K, capacity 22475K, committed 22528K, reserved 1048576K
}
Event: 373.645 GC heap after
{Heap after GC invocations=147 (full 0):
 garbage-first heap   total 332800K, used 174080K [0x00000000a0000000, 0x0000000100000000)
  region size 1024K, 3 young (3072K), 3 survivors (3072K)
 Metaspace       used 168437K, capacity 172213K, committed 172288K, reserved 1200128K
  class space    used 21073K, capacity 22475K, committed 22528K, reserved 1048576K
}
Event: 375.126 GC heap before
{Heap before GC invocations=148 (full 0):
 garbage-first heap   total 332800K, used 221184K [0x00000000a0000000, 0x0000000100000000)
  region size 1024K, 49 young (50176K), 3 survivors (3072K)
 Metaspace       used 168437K, capacity 172213K, committed 172288K, reserved 1200128K
  class space    used 21073K, capacity 22475K, committed 22528K, reserved 1048576K
}
Event: 375.188 GC heap after
{Heap after GC invocations=149 (full 0):
 garbage-first heap   total 332800K, used 183960K [0x00000000a0000000, 0x0000000100000000)
  region size 1024K, 7 young (7168K), 7 survivors (7168K)
 Metaspace       used 168437K, capacity 172213K, committed 172288K, reserved 1200128K
  class space    used 21073K, capacity 22475K, committed 22528K, reserved 1048576K
}
Event: 376.457 GC heap before
{Heap before GC invocations=149 (full 0):
 garbage-first heap   total 332800K, used 234136K [0x00000000a0000000, 0x0000000100000000)
  region size 1024K, 53 young (54272K), 7 survivors (7168K)
 Metaspace       used 168459K, capacity 172213K, committed 172288K, reserved 1200128K
  class space    used 21074K, capacity 22475K, committed 22528K, reserved 1048576K
}
Event: 376.566 GC heap after
{Heap after GC invocations=150 (full 0):
 garbage-first heap   total 332800K, used 198354K [0x00000000a0000000, 0x0000000100000000)
  region size 1024K, 7 young (7168K), 7 survivors (7168K)
 Metaspace       used 168459K, capacity 172213K, committed 172288K, reserved 1200128K
  class space    used 21074K, capacity 22475K, committed 22528K, reserved 1048576K
}
Event: 377.706 GC heap before
{Heap before GC invocations=150 (full 0):
 garbage-first heap   total 332800K, used 244434K [0x00000000a0000000, 0x0000000100000000)
  region size 1024K, 52 young (53248K), 7 survivors (7168K)
 Metaspace       used 168459K, capacity 172213K, committed 172288K, reserved 1200128K
  class space    used 21074K, capacity 22475K, committed 22528K, reserved 1048576K
}
Event: 377.785 GC heap after
{Heap after GC invocations=151 (full 0):
 garbage-first heap   total 332800K, used 208337K [0x00000000a0000000, 0x0000000100000000)
  region size 1024K, 7 young (7168K), 7 survivors (7168K)
 Metaspace       used 168459K, capacity 172213K, committed 172288K, reserved 1200128K
  class space    used 21074K, capacity 22475K, committed 22528K, reserved 1048576K
}
Event: 380.730 GC heap before
{Heap before GC invocations=152 (full 0):
 garbage-first heap   total 332800K, used 252369K [0x00000000a0000000, 0x0000000100000000)
  region size 1024K, 50 young (51200K), 7 survivors (7168K)
 Metaspace       used 168888K, capacity 172771K, committed 172928K, reserved 1200128K
  class space    used 21130K, capacity 22596K, committed 22656K, reserved 1048576K
}

Deoptimization events (20 events):
Event: 380.727 Thread 0x000002f1c3787000 Uncommon trap: trap_request=0xffffffde fr.pc=0x000002f1b5f46a3c relative=0x000000000000043c
Event: 380.727 Thread 0x000002f1c3787000 Uncommon trap: reason=class_check action=maybe_recompile pc=0x000002f1b5f46a3c method=com.android.tools.r8.q.a.a.b.A.a(I)Ljava/lang/Object; @ 9 c2
Event: 380.727 Thread 0x000002f1c3787000 DEOPT PACKING pc=0x000002f1b5f46a3c sp=0x000000fca10f7d40
Event: 380.727 Thread 0x000002f1c3787000 DEOPT UNPACKING pc=0x000002f1ad7b6029 sp=0x000000fca10f7c30 mode 2
Event: 380.727 Thread 0x000002f1c3787000 Uncommon trap: trap_request=0xffffffde fr.pc=0x000002f1b5f5c8c4 relative=0x0000000000000544
Event: 380.727 Thread 0x000002f1c3787000 Uncommon trap: reason=class_check action=maybe_recompile pc=0x000002f1b5f5c8c4 method=com.android.tools.r8.q.a.a.b.O0.next()Ljava/lang/Object; @ 18 c2
Event: 380.727 Thread 0x000002f1c3787000 DEOPT PACKING pc=0x000002f1b5f5c8c4 sp=0x000000fca10f7d30
Event: 380.727 Thread 0x000002f1c3787000 DEOPT UNPACKING pc=0x000002f1ad7b6029 sp=0x000000fca10f7d10 mode 2
Event: 380.727 Thread 0x000002f1c3787000 Uncommon trap: trap_request=0xffffffde fr.pc=0x000002f1b5f5c8c4 relative=0x0000000000000544
Event: 380.727 Thread 0x000002f1c3787000 Uncommon trap: reason=class_check action=maybe_recompile pc=0x000002f1b5f5c8c4 method=com.android.tools.r8.q.a.a.b.O0.next()Ljava/lang/Object; @ 18 c2
Event: 380.727 Thread 0x000002f1c3787000 DEOPT PACKING pc=0x000002f1b5f5c8c4 sp=0x000000fca10f7d30
Event: 380.727 Thread 0x000002f1c3787000 DEOPT UNPACKING pc=0x000002f1ad7b6029 sp=0x000000fca10f7d10 mode 2
Event: 380.727 Thread 0x000002f1c3787000 Uncommon trap: trap_request=0xffffffde fr.pc=0x000002f1b5f5c8c4 relative=0x0000000000000544
Event: 380.727 Thread 0x000002f1c3787000 Uncommon trap: reason=class_check action=maybe_recompile pc=0x000002f1b5f5c8c4 method=com.android.tools.r8.q.a.a.b.O0.next()Ljava/lang/Object; @ 18 c2
Event: 380.727 Thread 0x000002f1c3787000 DEOPT PACKING pc=0x000002f1b5f5c8c4 sp=0x000000fca10f7d30
Event: 380.727 Thread 0x000002f1c3787000 DEOPT UNPACKING pc=0x000002f1ad7b6029 sp=0x000000fca10f7d10 mode 2
Event: 380.727 Thread 0x000002f1c3787000 Uncommon trap: trap_request=0xffffffde fr.pc=0x000002f1b5f5c8c4 relative=0x0000000000000544
Event: 380.727 Thread 0x000002f1c3787000 Uncommon trap: reason=class_check action=maybe_recompile pc=0x000002f1b5f5c8c4 method=com.android.tools.r8.q.a.a.b.O0.next()Ljava/lang/Object; @ 18 c2
Event: 380.727 Thread 0x000002f1c3787000 DEOPT PACKING pc=0x000002f1b5f5c8c4 sp=0x000000fca10f7d30
Event: 380.727 Thread 0x000002f1c3787000 DEOPT UNPACKING pc=0x000002f1ad7b6029 sp=0x000000fca10f7d10 mode 2

Classes redefined (0 events):
No events

Internal exceptions (20 events):
Event: 364.616 Thread 0x000002f1c3787000 Exception <a 'sun/nio/fs/WindowsException'{0x00000000aa2820f0}> (0x00000000aa2820f0) thrown at [./src/hotspot/share/prims/jni.cpp, line 615]
Event: 364.616 Thread 0x000002f1c3787000 Exception <a 'sun/nio/fs/WindowsException'{0x00000000aa2834f0}> (0x00000000aa2834f0) thrown at [./src/hotspot/share/prims/jni.cpp, line 615]
Event: 364.616 Thread 0x000002f1c3787000 Exception <a 'sun/nio/fs/WindowsException'{0x00000000aa2837f0}> (0x00000000aa2837f0) thrown at [./src/hotspot/share/prims/jni.cpp, line 615]
Event: 364.616 Thread 0x000002f1c3787000 Exception <a 'sun/nio/fs/WindowsException'{0x00000000aa284bd0}> (0x00000000aa284bd0) thrown at [./src/hotspot/share/prims/jni.cpp, line 615]
Event: 364.617 Thread 0x000002f1c3787000 Exception <a 'sun/nio/fs/WindowsException'{0x00000000aa284eb0}> (0x00000000aa284eb0) thrown at [./src/hotspot/share/prims/jni.cpp, line 615]
Event: 364.617 Thread 0x000002f1c3787000 Exception <a 'sun/nio/fs/WindowsException'{0x00000000aa286280}> (0x00000000aa286280) thrown at [./src/hotspot/share/prims/jni.cpp, line 615]
Event: 364.617 Thread 0x000002f1c3787000 Exception <a 'sun/nio/fs/WindowsException'{0x00000000aa286560}> (0x00000000aa286560) thrown at [./src/hotspot/share/prims/jni.cpp, line 615]
Event: 364.617 Thread 0x000002f1c3787000 Exception <a 'sun/nio/fs/WindowsException'{0x00000000aa287930}> (0x00000000aa287930) thrown at [./src/hotspot/share/prims/jni.cpp, line 615]
Event: 364.624 Thread 0x000002f1c3787000 Exception <a 'sun/nio/fs/WindowsException'{0x00000000aa2a72c8}> (0x00000000aa2a72c8) thrown at [./src/hotspot/share/prims/jni.cpp, line 615]
Event: 364.763 Thread 0x000002f1c3787000 Exception <a 'java/lang/NoSuchMethodError'{0x00000000aa1c7960}: 'void java.lang.invoke.DirectMethodHandle$Holder.invokeSpecial(java.lang.Object, java.lang.Object, int)'> (0x00000000aa1c7960) thrown at [./src/hotspot/share/interpreter/linkResolver.cpp, line 773]
Event: 364.767 Thread 0x000002f1c3787000 Exception <a 'sun/nio/fs/WindowsException'{0x00000000aa1d4050}> (0x00000000aa1d4050) thrown at [./src/hotspot/share/prims/jni.cpp, line 615]
Event: 364.768 Thread 0x000002f1c3787000 Exception <a 'sun/nio/fs/WindowsException'{0x00000000aa1d5618}> (0x00000000aa1d5618) thrown at [./src/hotspot/share/prims/jni.cpp, line 615]
Event: 364.797 Thread 0x000002f1c3787000 Exception <a 'sun/nio/fs/WindowsException'{0x00000000aa1f8a68}> (0x00000000aa1f8a68) thrown at [./src/hotspot/share/prims/jni.cpp, line 615]
Event: 364.797 Thread 0x000002f1c3787000 Exception <a 'sun/nio/fs/WindowsException'{0x00000000aa1f8b70}> (0x00000000aa1f8b70) thrown at [./src/hotspot/share/prims/jni.cpp, line 615]
Event: 364.798 Thread 0x000002f1c3787000 Exception <a 'sun/nio/fs/WindowsException'{0x00000000aa1f8c78}> (0x00000000aa1f8c78) thrown at [./src/hotspot/share/prims/jni.cpp, line 615]
Event: 364.798 Thread 0x000002f1c3787000 Exception <a 'sun/nio/fs/WindowsException'{0x00000000aa1f8d90}> (0x00000000aa1f8d90) thrown at [./src/hotspot/share/prims/jni.cpp, line 615]
Event: 364.798 Thread 0x000002f1c3787000 Exception <a 'sun/nio/fs/WindowsException'{0x00000000aa1f8f48}> (0x00000000aa1f8f48) thrown at [./src/hotspot/share/prims/jni.cpp, line 615]
Event: 368.237 Thread 0x000002f1c3787000 Exception <a 'java/lang/IncompatibleClassChangeError'{0x00000000ab4c6020}: Found class java.lang.Object, but interface was expected> (0x00000000ab4c6020) thrown at [./src/hotspot/share/interpreter/linkResolver.cpp, line 839]
Event: 368.512 Thread 0x000002f1cd031000 Exception <a 'java/lang/NoSuchMethodError'{0x00000000ab192d80}: 'long java.lang.invoke.DirectMethodHandle$Holder.invokeStatic(java.lang.Object, java.lang.Object)'> (0x00000000ab192d80) thrown at [./src/hotspot/share/interpreter/linkResolver.cpp, line 773]
Event: 368.512 Thread 0x000002f1cd031000 Exception <a 'java/lang/NoSuchMethodError'{0x00000000ab195b58}: 'long java.lang.invoke.DirectMethodHandle$Holder.invokeStaticInit(java.lang.Object, java.lang.Object)'> (0x00000000ab195b58) thrown at [./src/hotspot/share/interpreter/linkResolver.cpp, line 773]

Events (20 events):
Event: 380.720 loading class com/android/tools/r8/shaking/ClassInlineRule$Type done
Event: 380.721 loading class com/android/tools/r8/shaking/ClassMergingRule$Type
Event: 380.721 loading class com/android/tools/r8/shaking/ClassMergingRule$Type done
Event: 380.722 loading class com/android/tools/r8/shaking/MemberValuePropagationRule$Type
Event: 380.722 loading class com/android/tools/r8/shaking/MemberValuePropagationRule$Type done
Event: 380.722 loading class com/android/tools/r8/shaking/ReprocessClassInitializerRule$Type
Event: 380.722 loading class com/android/tools/r8/shaking/ReprocessClassInitializerRule$Type done
Event: 380.723 loading class com/android/tools/r8/shaking/ReprocessMethodRule$Type
Event: 380.723 loading class com/android/tools/r8/shaking/ReprocessMethodRule$Type done
Event: 380.724 loading class com/android/tools/r8/utils/P0
Event: 380.724 loading class com/android/tools/r8/utils/P0 done
Event: 380.725 loading class com/android/tools/r8/shaking/DexStringCache
Event: 380.725 loading class com/android/tools/r8/shaking/DexStringCache done
Event: 380.728 loading class com/android/tools/r8/shaking/ProguardConfigurationRule
Event: 380.728 loading class com/android/tools/r8/shaking/ProguardConfigurationRule done
Event: 380.728 loading class com/android/tools/r8/shaking/RootSetBuilder
Event: 380.728 loading class com/android/tools/r8/shaking/RootSetBuilder done
Event: 380.729 loading class java/util/concurrent/ForkJoinTask$AdaptedRunnableAction
Event: 380.729 loading class java/util/concurrent/ForkJoinTask$AdaptedRunnableAction done
Event: 380.730 Executing VM operation: G1CollectForAllocation


Dynamic libraries:
0x00007ff7f9de0000 - 0x00007ff7f9dea000 	C:\Program Files\Android\Android Studio\jre\bin\java.exe
0x00007fff22f70000 - 0x00007fff23165000 	C:\Windows\SYSTEM32\ntdll.dll
0x00007fff219b0000 - 0x00007fff21a6e000 	C:\Windows\System32\KERNEL32.DLL
0x00007fff20b60000 - 0x00007fff20e28000 	C:\Windows\System32\KERNELBASE.dll
0x00007fff20ed0000 - 0x00007fff20fd0000 	C:\Windows\System32\ucrtbase.dll
0x00007fff0fb20000 - 0x00007fff0fb39000 	C:\Program Files\Android\Android Studio\jre\bin\jli.dll
0x00007fff22060000 - 0x00007fff22200000 	C:\Windows\System32\USER32.dll
0x00007fff20aa0000 - 0x00007fff20ac2000 	C:\Windows\System32\win32u.dll
0x00007fff22330000 - 0x00007fff2235a000 	C:\Windows\System32\GDI32.dll
0x00007fff20820000 - 0x00007fff2092b000 	C:\Windows\System32\gdi32full.dll
0x00007fff0eb80000 - 0x00007fff0eb97000 	C:\Program Files\Android\Android Studio\jre\bin\VCRUNTIME140.dll
0x00007fff20e30000 - 0x00007fff20ecd000 	C:\Windows\System32\msvcp_win.dll
0x00007fff13500000 - 0x00007fff1379a000 	C:\Windows\WinSxS\amd64_microsoft.windows.common-controls_6595b64144ccf1df_6.0.19041.1110_none_60b5254171f9507e\COMCTL32.dll
0x00007fff22200000 - 0x00007fff2229e000 	C:\Windows\System32\msvcrt.dll
0x00007fff213e0000 - 0x00007fff21410000 	C:\Windows\System32\IMM32.DLL
0x00007ffee2e90000 - 0x00007ffee2f2d000 	C:\Program Files\Android\Android Studio\jre\bin\msvcp140.dll
0x00007ffef36f0000 - 0x00007ffef41c5000 	C:\Program Files\Android\Android Studio\jre\bin\server\jvm.dll
0x00007fff21fb0000 - 0x00007fff2205e000 	C:\Windows\System32\ADVAPI32.dll
0x00007fff210a0000 - 0x00007fff2113c000 	C:\Windows\System32\sechost.dll
0x00007fff21880000 - 0x00007fff219a5000 	C:\Windows\System32\RPCRT4.dll
0x00007fff212f0000 - 0x00007fff212f8000 	C:\Windows\System32\PSAPI.DLL
0x00007fff11c10000 - 0x00007fff11c19000 	C:\Windows\SYSTEM32\WSOCK32.dll
0x00007fff22ec0000 - 0x00007fff22f2b000 	C:\Windows\System32\WS2_32.dll
0x00007fff19be0000 - 0x00007fff19c07000 	C:\Windows\SYSTEM32\WINMM.dll
0x00007fff15170000 - 0x00007fff1517a000 	C:\Windows\SYSTEM32\VERSION.dll
0x00007fff1e5b0000 - 0x00007fff1e5c2000 	C:\Windows\SYSTEM32\kernel.appcore.dll
0x00007ffef3620000 - 0x00007ffef3631000 	C:\Program Files\Android\Android Studio\jre\bin\verify.dll
0x00007fff11630000 - 0x00007fff11814000 	C:\Windows\SYSTEM32\DBGHELP.DLL
0x00007fff11480000 - 0x00007fff114ac000 	C:\Windows\SYSTEM32\dbgcore.DLL
0x00007fff20ad0000 - 0x00007fff20b52000 	C:\Windows\System32\bcryptPrimitives.dll
0x00007ffef35f0000 - 0x00007ffef3619000 	C:\Program Files\Android\Android Studio\jre\bin\java.dll
0x00007ffef35e0000 - 0x00007ffef35eb000 	C:\Program Files\Android\Android Studio\jre\bin\jimage.dll
0x00007ffef31f0000 - 0x00007ffef3208000 	C:\Program Files\Android\Android Studio\jre\bin\zip.dll
0x00007fff224f0000 - 0x00007fff22c34000 	C:\Windows\System32\SHELL32.dll
0x00007fff1e7b0000 - 0x00007fff1ef44000 	C:\Windows\SYSTEM32\windows.storage.dll
0x00007fff21b30000 - 0x00007fff21e84000 	C:\Windows\System32\combase.dll
0x00007fff20030000 - 0x00007fff2005c000 	C:\Windows\SYSTEM32\Wldp.dll
0x00007fff22360000 - 0x00007fff2240d000 	C:\Windows\System32\SHCORE.dll
0x00007fff21ad0000 - 0x00007fff21b25000 	C:\Windows\System32\shlwapi.dll
0x00007fff205d0000 - 0x00007fff205ef000 	C:\Windows\SYSTEM32\profapi.dll
0x00007fff002d0000 - 0x00007fff002ea000 	C:\Program Files\Android\Android Studio\jre\bin\net.dll
0x00007fff18f70000 - 0x00007fff1907a000 	C:\Windows\SYSTEM32\WINHTTP.dll
0x00007fff1fd90000 - 0x00007fff1fdfa000 	C:\Windows\system32\mswsock.dll
0x00007fff002b0000 - 0x00007fff002c4000 	C:\Program Files\Android\Android Studio\jre\bin\nio.dll
0x00007fff035a0000 - 0x00007fff035c6000 	C:\Users\TAZAR\.gradle\native\fdc75f09e3144964f2cf3f50f0aa648679c211496f362492102eb8c894070792\windows-amd64\native-platform.dll
0x00007ffed7560000 - 0x00007ffed76f1000 	C:\Users\TAZAR\.gradle\native\12488b8bf47d2d4c9fbf2f6322a914ad602e24e48041cd04a747c6da556b65c4\windows-amd64\native-platform-file-events.dll
0x00007fff00280000 - 0x00007fff0028a000 	C:\Program Files\Android\Android Studio\jre\bin\management.dll
0x00007fff00270000 - 0x00007fff0027d000 	C:\Program Files\Android\Android Studio\jre\bin\management_ext.dll
0x00007fff1ff90000 - 0x00007fff1ffa8000 	C:\Windows\SYSTEM32\CRYPTSP.dll
0x00007fff1f710000 - 0x00007fff1f744000 	C:\Windows\system32\rsaenh.dll
0x00007fff20690000 - 0x00007fff206b7000 	C:\Windows\System32\bcrypt.dll
0x00007fff20550000 - 0x00007fff2057e000 	C:\Windows\SYSTEM32\USERENV.dll
0x00007fff1ff80000 - 0x00007fff1ff8c000 	C:\Windows\SYSTEM32\CRYPTBASE.dll
0x00007fff1fa80000 - 0x00007fff1fabb000 	C:\Windows\SYSTEM32\IPHLPAPI.DLL
0x00007fff21370000 - 0x00007fff21378000 	C:\Windows\System32\NSI.dll
0x00007fff1a070000 - 0x00007fff1a087000 	C:\Windows\SYSTEM32\dhcpcsvc6.DLL
0x00007fff1a0b0000 - 0x00007fff1a0cd000 	C:\Windows\SYSTEM32\dhcpcsvc.DLL
0x00007fff1fac0000 - 0x00007fff1fb8b000 	C:\Windows\SYSTEM32\DNSAPI.dll
0x00007fff1a260000 - 0x00007fff1a26b000 	C:\Windows\SYSTEM32\WINNSI.DLL
0x00007fff1f3a0000 - 0x00007fff1f3d3000 	C:\Windows\SYSTEM32\ntmarta.dll
0x00007ffef4e00000 - 0x00007ffef4e27000 	C:\Program Files\Android\Android Studio\jre\bin\sunec.dll
0x00007fff0f290000 - 0x00007fff0f2ae000 	C:\Users\TAZAR\AppData\Local\Temp\native-platform7976864243410939171dir\native-platform.dll
0x00007fff13c50000 - 0x00007fff13c58000 	C:\Program Files\Android\Android Studio\jre\bin\rmi.dll
0x00007fff00250000 - 0x00007fff00267000 	C:\Windows\system32\napinsp.dll
0x00007fff00230000 - 0x00007fff0024b000 	C:\Windows\system32\pnrpnsp.dll
0x00007fff0b7d0000 - 0x00007fff0b7e5000 	C:\Windows\system32\wshbth.dll
0x00007fff1c080000 - 0x00007fff1c09d000 	C:\Windows\system32\NLAapi.dll
0x00007fff00210000 - 0x00007fff00222000 	C:\Windows\System32\winrnr.dll
0x000000005b450000 - 0x000000005b476000 	C:\Program Files\Bonjour\mdnsNSP.dll
0x00007fff18950000 - 0x00007fff1895a000 	C:\Windows\System32\rasadhlp.dll
0x00007fff18c90000 - 0x00007fff18d0f000 	C:\Windows\System32\fwpuclnt.dll

dbghelp: loaded successfully - version: 4.0.5 - missing functions: none
symbol engine: initialized successfully - sym options: 0x614 - pdb path: .;C:\Program Files\Android\Android Studio\jre\bin;C:\Windows\SYSTEM32;C:\Windows\WinSxS\amd64_microsoft.windows.common-controls_6595b64144ccf1df_6.0.19041.1110_none_60b5254171f9507e;C:\Program Files\Android\Android Studio\jre\bin\server;C:\Users\TAZAR\.gradle\native\fdc75f09e3144964f2cf3f50f0aa648679c211496f362492102eb8c894070792\windows-amd64;C:\Users\TAZAR\.gradle\native\12488b8bf47d2d4c9fbf2f6322a914ad602e24e48041cd04a747c6da556b65c4\windows-amd64;C:\Users\TAZAR\AppData\Local\Temp\native-platform7976864243410939171dir;C:\Program Files\Bonjour

VM Arguments:
jvm_args: --add-opens=java.base/java.util=ALL-UNNAMED --add-opens=java.base/java.lang=ALL-UNNAMED --add-opens=java.base/java.lang.invoke=ALL-UNNAMED --add-opens=java.prefs/java.util.prefs=ALL-UNNAMED -Xmx1536M -Dfile.encoding=windows-1252 -Duser.country=US -Duser.language=en -Duser.variant 
java_command: org.gradle.launcher.daemon.bootstrap.GradleDaemon 6.7
java_class_path (initial): C:\Users\TAZAR\.gradle\wrapper\dists\gradle-6.7-all\cuy9mc7upwgwgeb72wkcrupxe\gradle-6.7\lib\gradle-launcher-6.7.jar
Launcher Type: SUN_STANDARD

[Global flags]
     intx CICompilerCount                          = 3                                         {product} {ergonomic}
     uint ConcGCThreads                            = 1                                         {product} {ergonomic}
     uint G1ConcRefinementThreads                  = 4                                         {product} {ergonomic}
   size_t G1HeapRegionSize                         = 1048576                                   {product} {ergonomic}
    uintx GCDrainStackTargetSize                   = 64                                        {product} {ergonomic}
   size_t InitialHeapSize                          = 132120576                                 {product} {ergonomic}
   size_t MarkStackSize                            = 4194304                                   {product} {ergonomic}
   size_t MaxHeapSize                              = 1610612736                                {product} {command line}
   size_t MaxNewSize                               = 965738496                                 {product} {ergonomic}
   size_t MinHeapDeltaBytes                        = 1048576                                   {product} {ergonomic}
    uintx NonNMethodCodeHeapSize                   = 5830732                                {pd product} {ergonomic}
    uintx NonProfiledCodeHeapSize                  = 122913754                              {pd product} {ergonomic}
    uintx ProfiledCodeHeapSize                     = 122913754                              {pd product} {ergonomic}
    uintx ReservedCodeCacheSize                    = 251658240                              {pd product} {ergonomic}
     bool SegmentedCodeCache                       = true                                      {product} {ergonomic}
     bool UseCompressedClassPointers               = true                                 {lp64_product} {ergonomic}
     bool UseCompressedOops                        = true                                 {lp64_product} {ergonomic}
     bool UseG1GC                                  = true                                      {product} {ergonomic}
     bool UseLargePagesIndividualAllocation        = false                                  {pd product} {ergonomic}

Logging:
Log output configuration:
 #0: stdout all=warning uptime,level,tags
 #1: stderr all=off uptime,level,tags

Environment Variables:
JAVA_HOME=C:\Program Files\Android\Android Studio\jre
CLASSPATH=C:\Users\TAZAR\AndroidStudioProjects\projects\driver_app\android\\gradle\wrapper\gradle-wrapper.jar
PATH=C:\Program Files\Common Files\Oracle\Java\javapath;C:\Program Files (x86)\Common Files\Oracle\Java\javapath;C:\Windows\system32;C:\Windows;C:\Windows\System32\Wbem;C:\Windows\System32\WindowsPowerShell\v1.0\;C:\Windows\System32\OpenSSH\;C:\Program Files\Git\cmd;C:\Users\TAZAR\AppData\Local\Programs\Python\Python310\Scripts\;C:\Users\TAZAR\AppData\Local\Programs\Python\Python310\;C:\Users\TAZAR\AppData\Local\Microsoft\WindowsApps;C:\Users\TAZAR\AppData\Local\Programs\Microsoft VS Code\bin;C:\Users\TAZAR\AppData\Local\GitHubDesktop\bin;C:\flutter_windows_2.10.0-stable\flutter\bin;;C:\flutter_windows_2.10.0-stable\flutter\bin\mingit\cmd
USERNAME=TAZAR
OS=Windows_NT
PROCESSOR_IDENTIFIER=Intel64 Family 6 Model 37 Stepping 2, GenuineIntel



---------------  S Y S T E M  ---------------

OS: Windows 10 , 64 bit Build 19041 (10.0.19041.1645)
OS uptime: 0 days 3:20 hours

CPU:total 4 (initial active 4) (2 cores per cpu, 2 threads per core) family 6 model 37 stepping 2 microcode 0x11, cmov, cx8, fxsr, mmx, sse, sse2, sse3, ssse3, sse4.1, sse4.2, popcnt, ht, tsc, tscinvbit

Memory: 4k page, system-wide physical 7988M (467M free)
TotalPageFile size 12569M (AvailPageFile size 220M)
current process WorkingSet (physical memory assigned to process): 697M, peak: 700M
current process commit charge ("private bytes"): 772M, peak: 1014M

vm_info: OpenJDK 64-Bit Server VM (11.0.11+9-b60-7590822) for windows-amd64 JRE (11.0.11+9-b60-7590822), built on Jul 29 2021 21:43:44 by "builder" with MS VC++ 14.0 (VS2015)

END.
